This is pdfTeX, Version 3.1415926-2.4-1.40.13 (TeX Live 2012) (format=pdflatex 2012.6.30)  17 JUL 2014 14:29
entering extended mode
 restricted \write18 enabled.
 %&-line parsing enabled.
**tesisFinal.tex
(./tesisFinal.tex
LaTeX2e <2011/06/27>
Babel <v3.8m> and hyphenation patterns for english, dumylang, nohyphenation, ge
rman-x-2012-05-30, ngerman-x-2012-05-30, afrikaans, ancientgreek, ibycus, arabi
c, armenian, basque, bulgarian, catalan, pinyin, coptic, croatian, czech, danis
h, dutch, ukenglish, usenglishmax, esperanto, estonian, ethiopic, farsi, finnis
h, french, friulan, galician, german, ngerman, swissgerman, monogreek, greek, h
ungarian, icelandic, assamese, bengali, gujarati, hindi, kannada, malayalam, ma
rathi, oriya, panjabi, tamil, telugu, indonesian, interlingua, irish, italian, 
kurmanji, latin, latvian, lithuanian, mongolian, mongolianlmc, bokmal, nynorsk,
 polish, portuguese, romanian, romansh, russian, sanskrit, serbian, serbianc, s
lovak, slovenian, spanish, swedish, turkish, turkmen, ukrainian, uppersorbian, 
welsh, loaded.
(/usr/local/texlive/2012/texmf-dist/tex/latex/base/book.cls
Document Class: book 2007/10/19 v1.4h Standard LaTeX document class
(/usr/local/texlive/2012/texmf-dist/tex/latex/base/bk12.clo
File: bk12.clo 2007/10/19 v1.4h Standard LaTeX file (size option)
)
\c@part=\count79
\c@chapter=\count80
\c@section=\count81
\c@subsection=\count82
\c@subsubsection=\count83
\c@paragraph=\count84
\c@subparagraph=\count85
\c@figure=\count86
\c@table=\count87
\abovecaptionskip=\skip41
\belowcaptionskip=\skip42
\bibindent=\dimen102
)
(/usr/local/texlive/2012/texmf-dist/tex/latex/anysize/anysize.sty
Package: anysize 1994/08/13 setting margin sizes

document style option `anysize' loaded
Michael Salzenberg, Thomas Esser, Dirk Hillbrecht
Version 1.0, Aug 13, 1994
\@Leftmargin=\dimen103
\@Rightmargin=\dimen104
\@Topmargin=\dimen105
\@Bottommargin=\dimen106
) (/usr/local/texlive/2012/texmf-dist/tex/generic/babel/babel.sty
Package: babel 2008/07/08 v3.8m The Babel package

(/usr/local/texlive/2012/texmf-dist/tex/generic/babel/spanish.ldf
Language: spanish.ldf 2011/10/06 v5.0k Spanish support from the babel system

(/usr/local/texlive/2012/texmf-dist/tex/generic/babel/babel.def
File: babel.def 2008/07/08 v3.8m Babel common definitions
\babel@savecnt=\count88
\U@D=\dimen107
)
\es@datefmt=\count89
\es@quottoks=\toks14
\es@quotdepth=\count90
Package babel Info: Making " an active character on input line 496.
Package babel Info: Making . an active character on input line 599.
Package babel Info: Making < an active character on input line 644.
Package babel Info: Making > an active character on input line 644.
))
(/usr/local/texlive/2012/texmf-dist/tex/latex/base/inputenc.sty
Package: inputenc 2008/03/30 v1.1d Input encoding file
\inpenc@prehook=\toks15
\inpenc@posthook=\toks16

(/usr/local/texlive/2012/texmf-dist/tex/latex/base/utf8.def
File: utf8.def 2008/04/05 v1.1m UTF-8 support for inputenc
Now handling font encoding OML ...
... no UTF-8 mapping file for font encoding OML
Now handling font encoding T1 ...
... processing UTF-8 mapping file for font encoding T1

(/usr/local/texlive/2012/texmf-dist/tex/latex/base/t1enc.dfu
File: t1enc.dfu 2008/04/05 v1.1m UTF-8 support for inputenc
   defining Unicode char U+00A1 (decimal 161)
   defining Unicode char U+00A3 (decimal 163)
   defining Unicode char U+00AB (decimal 171)
   defining Unicode char U+00BB (decimal 187)
   defining Unicode char U+00BF (decimal 191)
   defining Unicode char U+00C0 (decimal 192)
   defining Unicode char U+00C1 (decimal 193)
   defining Unicode char U+00C2 (decimal 194)
   defining Unicode char U+00C3 (decimal 195)
   defining Unicode char U+00C4 (decimal 196)
   defining Unicode char U+00C5 (decimal 197)
   defining Unicode char U+00C6 (decimal 198)
   defining Unicode char U+00C7 (decimal 199)
   defining Unicode char U+00C8 (decimal 200)
   defining Unicode char U+00C9 (decimal 201)
   defining Unicode char U+00CA (decimal 202)
   defining Unicode char U+00CB (decimal 203)
   defining Unicode char U+00CC (decimal 204)
   defining Unicode char U+00CD (decimal 205)
   defining Unicode char U+00CE (decimal 206)
   defining Unicode char U+00CF (decimal 207)
   defining Unicode char U+00D0 (decimal 208)
   defining Unicode char U+00D1 (decimal 209)
   defining Unicode char U+00D2 (decimal 210)
   defining Unicode char U+00D3 (decimal 211)
   defining Unicode char U+00D4 (decimal 212)
   defining Unicode char U+00D5 (decimal 213)
   defining Unicode char U+00D6 (decimal 214)
   defining Unicode char U+00D8 (decimal 216)
   defining Unicode char U+00D9 (decimal 217)
   defining Unicode char U+00DA (decimal 218)
   defining Unicode char U+00DB (decimal 219)
   defining Unicode char U+00DC (decimal 220)
   defining Unicode char U+00DD (decimal 221)
   defining Unicode char U+00DE (decimal 222)
   defining Unicode char U+00DF (decimal 223)
   defining Unicode char U+00E0 (decimal 224)
   defining Unicode char U+00E1 (decimal 225)
   defining Unicode char U+00E2 (decimal 226)
   defining Unicode char U+00E3 (decimal 227)
   defining Unicode char U+00E4 (decimal 228)
   defining Unicode char U+00E5 (decimal 229)
   defining Unicode char U+00E6 (decimal 230)
   defining Unicode char U+00E7 (decimal 231)
   defining Unicode char U+00E8 (decimal 232)
   defining Unicode char U+00E9 (decimal 233)
   defining Unicode char U+00EA (decimal 234)
   defining Unicode char U+00EB (decimal 235)
   defining Unicode char U+00EC (decimal 236)
   defining Unicode char U+00ED (decimal 237)
   defining Unicode char U+00EE (decimal 238)
   defining Unicode char U+00EF (decimal 239)
   defining Unicode char U+00F0 (decimal 240)
   defining Unicode char U+00F1 (decimal 241)
   defining Unicode char U+00F2 (decimal 242)
   defining Unicode char U+00F3 (decimal 243)
   defining Unicode char U+00F4 (decimal 244)
   defining Unicode char U+00F5 (decimal 245)
   defining Unicode char U+00F6 (decimal 246)
   defining Unicode char U+00F8 (decimal 248)
   defining Unicode char U+00F9 (decimal 249)
   defining Unicode char U+00FA (decimal 250)
   defining Unicode char U+00FB (decimal 251)
   defining Unicode char U+00FC (decimal 252)
   defining Unicode char U+00FD (decimal 253)
   defining Unicode char U+00FE (decimal 254)
   defining Unicode char U+00FF (decimal 255)
   defining Unicode char U+0102 (decimal 258)
   defining Unicode char U+0103 (decimal 259)
   defining Unicode char U+0104 (decimal 260)
   defining Unicode char U+0105 (decimal 261)
   defining Unicode char U+0106 (decimal 262)
   defining Unicode char U+0107 (decimal 263)
   defining Unicode char U+010C (decimal 268)
   defining Unicode char U+010D (decimal 269)
   defining Unicode char U+010E (decimal 270)
   defining Unicode char U+010F (decimal 271)
   defining Unicode char U+0110 (decimal 272)
   defining Unicode char U+0111 (decimal 273)
   defining Unicode char U+0118 (decimal 280)
   defining Unicode char U+0119 (decimal 281)
   defining Unicode char U+011A (decimal 282)
   defining Unicode char U+011B (decimal 283)
   defining Unicode char U+011E (decimal 286)
   defining Unicode char U+011F (decimal 287)
   defining Unicode char U+0130 (decimal 304)
   defining Unicode char U+0131 (decimal 305)
   defining Unicode char U+0132 (decimal 306)
   defining Unicode char U+0133 (decimal 307)
   defining Unicode char U+0139 (decimal 313)
   defining Unicode char U+013A (decimal 314)
   defining Unicode char U+013D (decimal 317)
   defining Unicode char U+013E (decimal 318)
   defining Unicode char U+0141 (decimal 321)
   defining Unicode char U+0142 (decimal 322)
   defining Unicode char U+0143 (decimal 323)
   defining Unicode char U+0144 (decimal 324)
   defining Unicode char U+0147 (decimal 327)
   defining Unicode char U+0148 (decimal 328)
   defining Unicode char U+014A (decimal 330)
   defining Unicode char U+014B (decimal 331)
   defining Unicode char U+0150 (decimal 336)
   defining Unicode char U+0151 (decimal 337)
   defining Unicode char U+0152 (decimal 338)
   defining Unicode char U+0153 (decimal 339)
   defining Unicode char U+0154 (decimal 340)
   defining Unicode char U+0155 (decimal 341)
   defining Unicode char U+0158 (decimal 344)
   defining Unicode char U+0159 (decimal 345)
   defining Unicode char U+015A (decimal 346)
   defining Unicode char U+015B (decimal 347)
   defining Unicode char U+015E (decimal 350)
   defining Unicode char U+015F (decimal 351)
   defining Unicode char U+0160 (decimal 352)
   defining Unicode char U+0161 (decimal 353)
   defining Unicode char U+0162 (decimal 354)
   defining Unicode char U+0163 (decimal 355)
   defining Unicode char U+0164 (decimal 356)
   defining Unicode char U+0165 (decimal 357)
   defining Unicode char U+016E (decimal 366)
   defining Unicode char U+016F (decimal 367)
   defining Unicode char U+0170 (decimal 368)
   defining Unicode char U+0171 (decimal 369)
   defining Unicode char U+0178 (decimal 376)
   defining Unicode char U+0179 (decimal 377)
   defining Unicode char U+017A (decimal 378)
   defining Unicode char U+017B (decimal 379)
   defining Unicode char U+017C (decimal 380)
   defining Unicode char U+017D (decimal 381)
   defining Unicode char U+017E (decimal 382)
   defining Unicode char U+200C (decimal 8204)
   defining Unicode char U+2013 (decimal 8211)
   defining Unicode char U+2014 (decimal 8212)
   defining Unicode char U+2018 (decimal 8216)
   defining Unicode char U+2019 (decimal 8217)
   defining Unicode char U+201A (decimal 8218)
   defining Unicode char U+201C (decimal 8220)
   defining Unicode char U+201D (decimal 8221)
   defining Unicode char U+201E (decimal 8222)
   defining Unicode char U+2030 (decimal 8240)
   defining Unicode char U+2031 (decimal 8241)
   defining Unicode char U+2039 (decimal 8249)
   defining Unicode char U+203A (decimal 8250)
   defining Unicode char U+2423 (decimal 9251)
)
Now handling font encoding OT1 ...
... processing UTF-8 mapping file for font encoding OT1

(/usr/local/texlive/2012/texmf-dist/tex/latex/base/ot1enc.dfu
File: ot1enc.dfu 2008/04/05 v1.1m UTF-8 support for inputenc
   defining Unicode char U+00A1 (decimal 161)
   defining Unicode char U+00A3 (decimal 163)
   defining Unicode char U+00B8 (decimal 184)
   defining Unicode char U+00BF (decimal 191)
   defining Unicode char U+00C5 (decimal 197)
   defining Unicode char U+00C6 (decimal 198)
   defining Unicode char U+00D8 (decimal 216)
   defining Unicode char U+00DF (decimal 223)
   defining Unicode char U+00E6 (decimal 230)
   defining Unicode char U+00EC (decimal 236)
   defining Unicode char U+00ED (decimal 237)
   defining Unicode char U+00EE (decimal 238)
   defining Unicode char U+00EF (decimal 239)
   defining Unicode char U+00F8 (decimal 248)
   defining Unicode char U+0131 (decimal 305)
   defining Unicode char U+0141 (decimal 321)
   defining Unicode char U+0142 (decimal 322)
   defining Unicode char U+0152 (decimal 338)
   defining Unicode char U+0153 (decimal 339)
   defining Unicode char U+2013 (decimal 8211)
   defining Unicode char U+2014 (decimal 8212)
   defining Unicode char U+2018 (decimal 8216)
   defining Unicode char U+2019 (decimal 8217)
   defining Unicode char U+201C (decimal 8220)
   defining Unicode char U+201D (decimal 8221)
)
Now handling font encoding OMS ...
... processing UTF-8 mapping file for font encoding OMS

(/usr/local/texlive/2012/texmf-dist/tex/latex/base/omsenc.dfu
File: omsenc.dfu 2008/04/05 v1.1m UTF-8 support for inputenc
   defining Unicode char U+00A7 (decimal 167)
   defining Unicode char U+00B6 (decimal 182)
   defining Unicode char U+00B7 (decimal 183)
   defining Unicode char U+2020 (decimal 8224)
   defining Unicode char U+2021 (decimal 8225)
   defining Unicode char U+2022 (decimal 8226)
)
Now handling font encoding OMX ...
... no UTF-8 mapping file for font encoding OMX
Now handling font encoding U ...
... no UTF-8 mapping file for font encoding U
   defining Unicode char U+00A9 (decimal 169)
   defining Unicode char U+00AA (decimal 170)
   defining Unicode char U+00AE (decimal 174)
   defining Unicode char U+00BA (decimal 186)
   defining Unicode char U+02C6 (decimal 710)
   defining Unicode char U+02DC (decimal 732)
   defining Unicode char U+200C (decimal 8204)
   defining Unicode char U+2026 (decimal 8230)
   defining Unicode char U+2122 (decimal 8482)
   defining Unicode char U+2423 (decimal 9251)
))
(/usr/local/texlive/2012/texmf-dist/tex/latex/graphics/graphicx.sty
Package: graphicx 1999/02/16 v1.0f Enhanced LaTeX Graphics (DPC,SPQR)

(/usr/local/texlive/2012/texmf-dist/tex/latex/graphics/keyval.sty
Package: keyval 1999/03/16 v1.13 key=value parser (DPC)
\KV@toks@=\toks17
)
(/usr/local/texlive/2012/texmf-dist/tex/latex/graphics/graphics.sty
Package: graphics 2009/02/05 v1.0o Standard LaTeX Graphics (DPC,SPQR)

(/usr/local/texlive/2012/texmf-dist/tex/latex/graphics/trig.sty
Package: trig 1999/03/16 v1.09 sin cos tan (DPC)
)
(/usr/local/texlive/2012/texmf-dist/tex/latex/latexconfig/graphics.cfg
File: graphics.cfg 2010/04/23 v1.9 graphics configuration of TeX Live
)
Package graphics Info: Driver file: pdftex.def on input line 91.

(/usr/local/texlive/2012/texmf-dist/tex/latex/pdftex-def/pdftex.def
File: pdftex.def 2011/05/27 v0.06d Graphics/color for pdfTeX

(/usr/local/texlive/2012/texmf-dist/tex/generic/oberdiek/infwarerr.sty
Package: infwarerr 2010/04/08 v1.3 Providing info/warning/error messages (HO)
)
(/usr/local/texlive/2012/texmf-dist/tex/generic/oberdiek/ltxcmds.sty
Package: ltxcmds 2011/11/09 v1.22 LaTeX kernel commands for general use (HO)
)
\Gread@gobject=\count91
))
\Gin@req@height=\dimen108
\Gin@req@width=\dimen109
)
(/usr/local/texlive/2012/texmf-dist/tex/latex/tools/enumerate.sty
Package: enumerate 1999/03/05 v3.00 enumerate extensions (DPC)
\@enLab=\toks18
)
(/usr/local/texlive/2012/texmf-dist/tex/latex/tools/verbatim.sty
Package: verbatim 2003/08/22 v1.5q LaTeX2e package for verbatim enhancements
\every@verbatim=\toks19
\verbatim@line=\toks20
\verbatim@in@stream=\read1
)
(/usr/local/texlive/2012/texmf-dist/tex/latex/chngcntr/chngcntr.sty
Package: chngcntr 2009/09/02 v1.0a change counter resetting
)
(/usr/local/texlive/2012/texmf-dist/tex/latex/setspace/setspace.sty
Package: setspace 2011/12/19 v6.7a set line spacing
)
(/usr/local/texlive/2012/texmf-dist/tex/latex/booktabs/booktabs.sty
Package: booktabs 2005/04/14 v1.61803 publication quality tables
\heavyrulewidth=\dimen110
\lightrulewidth=\dimen111
\cmidrulewidth=\dimen112
\belowrulesep=\dimen113
\belowbottomsep=\dimen114
\aboverulesep=\dimen115
\abovetopsep=\dimen116
\cmidrulesep=\dimen117
\cmidrulekern=\dimen118
\defaultaddspace=\dimen119
\@cmidla=\count92
\@cmidlb=\count93
\@aboverulesep=\dimen120
\@belowrulesep=\dimen121
\@thisruleclass=\count94
\@lastruleclass=\count95
\@thisrulewidth=\dimen122
)
(/usr/local/texlive/2012/texmf-dist/tex/latex/rotating/rotating.sty
Package: rotating 2009/03/28 v2.16a rotated objects in LaTeX

(/usr/local/texlive/2012/texmf-dist/tex/latex/base/ifthen.sty
Package: ifthen 2001/05/26 v1.1c Standard LaTeX ifthen package (DPC)
)
\c@r@tfl@t=\count96
\rotFPtop=\skip43
\rotFPbot=\skip44
\rot@float@box=\box26
\rot@mess@toks=\toks21
)
(/usr/local/texlive/2012/texmf-dist/tex/latex/hyperref/hyperref.sty
Package: hyperref 2012/05/13 v6.82q Hypertext links for LaTeX

(/usr/local/texlive/2012/texmf-dist/tex/generic/oberdiek/hobsub-hyperref.sty
Package: hobsub-hyperref 2012/05/28 v1.13 Bundle oberdiek, subset hyperref (HO)


(/usr/local/texlive/2012/texmf-dist/tex/generic/oberdiek/hobsub-generic.sty
Package: hobsub-generic 2012/05/28 v1.13 Bundle oberdiek, subset generic (HO)
Package: hobsub 2012/05/28 v1.13 Construct package bundles (HO)
Package hobsub Info: Skipping package `infwarerr' (already loaded).
Package hobsub Info: Skipping package `ltxcmds' (already loaded).
Package: ifluatex 2010/03/01 v1.3 Provides the ifluatex switch (HO)
Package ifluatex Info: LuaTeX not detected.
Package: ifvtex 2010/03/01 v1.5 Detect VTeX and its facilities (HO)
Package ifvtex Info: VTeX not detected.
Package: intcalc 2007/09/27 v1.1 Expandable calculations with integers (HO)
Package: ifpdf 2011/01/30 v2.3 Provides the ifpdf switch (HO)
Package ifpdf Info: pdfTeX in PDF mode is detected.
Package: etexcmds 2011/02/16 v1.5 Avoid name clashes with e-TeX commands (HO)
Package etexcmds Info: Could not find \expanded.
(etexcmds)             That can mean that you are not using pdfTeX 1.50 or
(etexcmds)             that some package has redefined \expanded.
(etexcmds)             In the latter case, load this package earlier.
Package: kvsetkeys 2012/04/25 v1.16 Key value parser (HO)
Package: kvdefinekeys 2011/04/07 v1.3 Define keys (HO)
Package: pdftexcmds 2011/11/29 v0.20 Utility functions of pdfTeX for LuaTeX (HO
)
Package pdftexcmds Info: LuaTeX not detected.
Package pdftexcmds Info: \pdf@primitive is available.
Package pdftexcmds Info: \pdf@ifprimitive is available.
Package pdftexcmds Info: \pdfdraftmode found.
Package: pdfescape 2011/11/25 v1.13 Implements pdfTeX's escape features (HO)
Package: bigintcalc 2012/04/08 v1.3 Expandable calculations on big integers (HO
)
Package: bitset 2011/01/30 v1.1 Handle bit-vector datatype (HO)
Package: uniquecounter 2011/01/30 v1.2 Provide unlimited unique counter (HO)
)
Package hobsub Info: Skipping package `hobsub' (already loaded).
Package: letltxmacro 2010/09/02 v1.4 Let assignment for LaTeX macros (HO)
Package: hopatch 2012/05/28 v1.2 Wrapper for package hooks (HO)
Package: xcolor-patch 2011/01/30 xcolor patch
Package: atveryend 2011/06/30 v1.8 Hooks at the very end of document (HO)
Package atveryend Info: \enddocument detected (standard20110627).
Package: atbegshi 2011/10/05 v1.16 At begin shipout hook (HO)
Package: refcount 2011/10/16 v3.4 Data extraction from label references (HO)
Package: hycolor 2011/01/30 v1.7 Color options for hyperref/bookmark (HO)
)
(/usr/local/texlive/2012/texmf-dist/tex/generic/ifxetex/ifxetex.sty
Package: ifxetex 2010/09/12 v0.6 Provides ifxetex conditional
)
(/usr/local/texlive/2012/texmf-dist/tex/latex/oberdiek/kvoptions.sty
Package: kvoptions 2011/06/30 v3.11 Key value format for package options (HO)
)
\@linkdim=\dimen123
\Hy@linkcounter=\count97
\Hy@pagecounter=\count98

(/usr/local/texlive/2012/texmf-dist/tex/latex/hyperref/pd1enc.def
File: pd1enc.def 2012/05/13 v6.82q Hyperref: PDFDocEncoding definition (HO)
Now handling font encoding PD1 ...
... no UTF-8 mapping file for font encoding PD1
)
\Hy@SavedSpaceFactor=\count99

(/usr/local/texlive/2012/texmf-dist/tex/latex/latexconfig/hyperref.cfg
File: hyperref.cfg 2002/06/06 v1.2 hyperref configuration of TeXLive
)
Package hyperref Info: Hyper figures OFF on input line 4062.
Package hyperref Info: Link nesting OFF on input line 4067.
Package hyperref Info: Hyper index ON on input line 4070.
Package hyperref Info: Plain pages OFF on input line 4077.
Package hyperref Info: Backreferencing OFF on input line 4082.
Package hyperref Info: Implicit mode ON; LaTeX internals redefined.
Package hyperref Info: Bookmarks ON on input line 4300.
\c@Hy@tempcnt=\count100

(/usr/local/texlive/2012/texmf-dist/tex/latex/url/url.sty
\Urlmuskip=\muskip10
Package: url 2006/04/12  ver 3.3  Verb mode for urls, etc.
)
LaTeX Info: Redefining \url on input line 4653.
\Fld@menulength=\count101
\Field@Width=\dimen124
\Fld@charsize=\dimen125
Package hyperref Info: Hyper figures OFF on input line 5773.
Package hyperref Info: Link nesting OFF on input line 5778.
Package hyperref Info: Hyper index ON on input line 5781.
Package hyperref Info: backreferencing OFF on input line 5788.
Package hyperref Info: Link coloring OFF on input line 5793.
Package hyperref Info: Link coloring with OCG OFF on input line 5798.
Package hyperref Info: PDF/A mode OFF on input line 5803.
LaTeX Info: Redefining \ref on input line 5843.
LaTeX Info: Redefining \pageref on input line 5847.
\Hy@abspage=\count102
\c@Item=\count103
\c@Hfootnote=\count104
)

Package hyperref Message: Driver (autodetected): hpdftex.

(/usr/local/texlive/2012/texmf-dist/tex/latex/hyperref/hpdftex.def
File: hpdftex.def 2012/05/13 v6.82q Hyperref driver for pdfTeX
\Fld@listcount=\count105
\c@bookmark@seq@number=\count106

(/usr/local/texlive/2012/texmf-dist/tex/latex/oberdiek/rerunfilecheck.sty
Package: rerunfilecheck 2011/04/15 v1.7 Rerun checks for auxiliary files (HO)
Package uniquecounter Info: New unique counter `rerunfilecheck' on input line 2
82.
)
\Hy@SectionHShift=\skip45
)
Package hyperref Info: Option `colorlinks' set `false' on input line 32.

(/usr/local/texlive/2012/texmf-dist/tex/latex/glossaries/base/glossaries.sty
Package: glossaries 2012/05/21 v3.02 (NLCT)

(/usr/local/texlive/2012/texmf-dist/tex/latex/xkeyval/xkeyval.sty
Package: xkeyval 2008/08/13 v2.6a package option processing (HA)

(/usr/local/texlive/2012/texmf-dist/tex/generic/xkeyval/xkeyval.tex
\XKV@toks=\toks22
\XKV@tempa@toks=\toks23
\XKV@depth=\count107
File: xkeyval.tex 2008/08/13 v2.6a key=value parser (HA)
))
(/usr/local/texlive/2012/texmf-dist/tex/latex/glossaries/base/mfirstuc.sty
Package: mfirstuc 2012/05/21 v1.06 (NLCT)

(/usr/local/texlive/2012/texmf-dist/tex/latex/etoolbox/etoolbox.sty
Package: etoolbox 2011/01/03 v2.1 e-TeX tools for LaTeX

(/usr/local/texlive/2012/texmf-dist/tex/latex/etex-pkg/etex.sty
Package: etex 1998/03/26 v2.0 eTeX basic definition package (PEB)
\et@xins=\count108
)
\etb@tempcnta=\count109
)
\@glsmfirst=\toks24
\@glsmrest=\toks25
)
(/usr/local/texlive/2012/texmf-dist/tex/latex/xfor/xfor.sty
Package: xfor 2009/02/05 v1.05 (NLCT)
)
(/usr/local/texlive/2012/texmf-dist/tex/latex/amsmath/amsgen.sty
File: amsgen.sty 1999/11/30 v2.0
\@emptytoks=\toks26
\ex@=\dimen126
)
(/usr/local/texlive/2012/texmf-dist/tex/latex/beamer/translator/translator.sty
Package: translator 2010/06/12 ver 1.10

(/usr/local/texlive/2012/texmf-dist/tex/latex/beamer/translator/translator-lang
uage-mappings.tex))
\gls@level=\count110
\@gls@tmpb=\toks27
\gls@tmplen=\skip46
\glswrite=\write3
\glskeylisttok=\toks28
\glslabeltok=\toks29
\glsshorttok=\toks30
\glslongtok=\toks31

(/usr/local/texlive/2012/texmf-dist/tex/latex/glossaries/styles/glossary-hypern
av.sty
Package: glossary-hypernav 2007/07/04 v1.01 (NLCT)
)
(/usr/local/texlive/2012/texmf-dist/tex/latex/glossaries/styles/glossary-list.s
ty
Package: glossary-list 2011/03/28 v3.0 (NLCT)
\glslistdottedwidth=\skip47
)
(/usr/local/texlive/2012/texmf-dist/tex/latex/glossaries/styles/glossary-long.s
ty
Package: glossary-long 2011/03/28 v3.0 (NLCT)
 (/usr/local/texlive/2012/texmf-dist/tex/latex/tools/longtable.sty
Package: longtable 2004/02/01 v4.11 Multi-page Table package (DPC)
\LTleft=\skip48
\LTright=\skip49
\LTpre=\skip50
\LTpost=\skip51
\LTchunksize=\count111
\LTcapwidth=\dimen127
\LT@head=\box27
\LT@firsthead=\box28
\LT@foot=\box29
\LT@lastfoot=\box30
\LT@cols=\count112
\LT@rows=\count113
\c@LT@tables=\count114
\c@LT@chunks=\count115
\LT@p@ftn=\toks32
)
\glsdescwidth=\skip52
\glspagelistwidth=\skip53
)
(/usr/local/texlive/2012/texmf-dist/tex/latex/glossaries/styles/glossary-super.
sty
Package: glossary-super 2011/03/28 v3.0 (NLCT)
 (/usr/local/texlive/2012/texmf-dist/tex/latex/supertabular/supertabular.sty
Package: supertabular 2004/02/20 v4.1e the supertabular environment
\c@tracingst=\count116
\ST@wd=\dimen128
\ST@rightskip=\skip54
\ST@leftskip=\skip55
\ST@parfillskip=\skip56
\ST@pageleft=\dimen129
\ST@headht=\dimen130
\ST@tailht=\dimen131
\ST@pagesofar=\dimen132
\ST@pboxht=\dimen133
\ST@lineht=\dimen134
\ST@stretchht=\dimen135
\ST@prevht=\dimen136
\ST@toadd=\dimen137
\ST@dimen=\dimen138
\ST@pbox=\box31
))
(/usr/local/texlive/2012/texmf-dist/tex/latex/glossaries/styles/glossary-tree.s
ty
Package: glossary-tree 2011/03/28 v3.0 (NLCT)
\glstreeindent=\skip57
))
\glo@main@file=\write4
\openout4 = `tesisFinal.glo'.

Package glossaries Info: Writing glossary file tesisFinal.glo on input line 46.

\glo@acronym@file=\write5
\openout5 = `tesisFinal.acn'.

Package glossaries Info: Writing glossary file tesisFinal.acn on input line 46.

 (./tesisFinal.aux
LaTeX Info: Redefining \. on input line 25.
LaTeX Info: Redefining \% on input line 25.
)
\openout1 = `tesisFinal.aux'.

LaTeX Font Info:    Checking defaults for OML/cmm/m/it on input line 136.
LaTeX Font Info:    ... okay on input line 136.
LaTeX Font Info:    Checking defaults for T1/cmr/m/n on input line 136.
LaTeX Font Info:    ... okay on input line 136.
LaTeX Font Info:    Checking defaults for OT1/cmr/m/n on input line 136.
LaTeX Font Info:    ... okay on input line 136.
LaTeX Font Info:    Checking defaults for OMS/cmsy/m/n on input line 136.
LaTeX Font Info:    ... okay on input line 136.
LaTeX Font Info:    Checking defaults for OMX/cmex/m/n on input line 136.
LaTeX Font Info:    ... okay on input line 136.
LaTeX Font Info:    Checking defaults for U/cmr/m/n on input line 136.
LaTeX Font Info:    ... okay on input line 136.
LaTeX Font Info:    Checking defaults for PD1/pdf/m/n on input line 136.
LaTeX Font Info:    ... okay on input line 136.
LaTeX Info: Redefining \. on input line 136.
LaTeX Info: Redefining \% on input line 136.

(/usr/local/texlive/2012/texmf-dist/tex/context/base/supp-pdf.mkii
[Loading MPS to PDF converter (version 2006.09.02).]
\scratchcounter=\count117
\scratchdimen=\dimen139
\scratchbox=\box32
\nofMPsegments=\count118
\nofMParguments=\count119
\everyMPshowfont=\toks33
\MPscratchCnt=\count120
\MPscratchDim=\dimen140
\MPnumerator=\count121
\makeMPintoPDFobject=\count122
\everyMPtoPDFconversion=\toks34
) (/usr/local/texlive/2012/texmf-dist/tex/latex/oberdiek/epstopdf-base.sty
Package: epstopdf-base 2010/02/09 v2.5 Base part for package epstopdf

(/usr/local/texlive/2012/texmf-dist/tex/latex/oberdiek/grfext.sty
Package: grfext 2010/08/19 v1.1 Manage graphics extensions (HO)
)
Package grfext Info: Graphics extension search list:
(grfext)             [.png,.pdf,.jpg,.mps,.jpeg,.jbig2,.jb2,.PNG,.PDF,.JPG,.JPE
G,.JBIG2,.JB2,.eps]
(grfext)             \AppendGraphicsExtensions on input line 452.

(/usr/local/texlive/2012/texmf-dist/tex/latex/latexconfig/epstopdf-sys.cfg
File: epstopdf-sys.cfg 2010/07/13 v1.3 Configuration of (r)epstopdf for TeX Liv
e
))
\AtBeginShipoutBox=\box33
Package hyperref Info: Link coloring OFF on input line 136.

(/usr/local/texlive/2012/texmf-dist/tex/latex/hyperref/nameref.sty
Package: nameref 2010/04/30 v2.40 Cross-referencing by name of section

(/usr/local/texlive/2012/texmf-dist/tex/generic/oberdiek/gettitlestring.sty
Package: gettitlestring 2010/12/03 v1.4 Cleanup title references (HO)
)
\c@section@level=\count123
)
LaTeX Info: Redefining \ref on input line 136.
LaTeX Info: Redefining \pageref on input line 136.
LaTeX Info: Redefining \nameref on input line 136.

(./tesisFinal.out) (./tesisFinal.out)
\@outlinefile=\write6
\openout6 = `tesisFinal.out'.


(/usr/local/texlive/2012/texmf-dist/tex/latex/glossaries/dict/glossaries-dictio
nary-English.dict
Dictionary: glossaries-dictionary, Language: English 
)
(/usr/local/texlive/2012/texmf-dist/tex/latex/glossaries/dict/glossaries-dictio
nary-Spanish.dict
Dictionary: glossaries-dictionary, Language: Spanish 
) <./img/LogoITESM.jpg, id=474, 896.148pt x 339.1872pt>
File: ./img/LogoITESM.jpg Graphic file (type jpg)

<use ./img/LogoITESM.jpg>
Package pdftex.def Info: ./img/LogoITESM.jpg used on input line 154.
(pdftex.def)             Requested size: 250.38564pt x 94.76991pt.
LaTeX Font Info:    External font `cmex10' loaded for size
(Font)              <12> on input line 189.
LaTeX Font Info:    External font `cmex10' loaded for size
(Font)              <8> on input line 189.
LaTeX Font Info:    External font `cmex10' loaded for size
(Font)              <6> on input line 189.
 [1

\openout3 = `tesisFinal.ist'.


{/usr/local/texlive/2012/texmf-var/fonts/map/pdftex/updmap/pdftex.map} <./img/L
ogoITESM.jpg>] [2] [3] [4] (./tesisFinal.toc
LaTeX Info: Redefining \. on input line 1.
LaTeX Info: Redefining \% on input line 1.

Underfull \vbox (badness 2351) has occurred while \output is active []

 [5

]
[6] [7] [8]
Underfull \vbox (badness 10000) has occurred while \output is active []

 [9])
\tf@toc=\write7
\openout7 = `tesisFinal.toc'.


[10]
Cap\'{\i }tulo 1.

LaTeX Warning: Citation `Said:2010:PTC:1869652.1869665' on page 11 undefined on
 input line 351.


LaTeX Warning: Citation `Taherkordi:2009:SLA:1554233.1554244' on page 11 undefi
ned on input line 352.


LaTeX Warning: Citation `Rahmani:2010:TCA:1869652.1869662' on page 11 undefined
 on input line 353.


LaTeX Warning: Citation `Fujii:2009:SCD:1516533.1516536' on page 11 undefined o
n input line 353.


LaTeX Warning: Citation `Davidyuk:2004:CMM:1052380.1052410' on page 11 undefine
d on input line 357.


LaTeX Warning: Citation `Azuma97asurvey' on page 11 undefined on input line 373
.


LaTeX Warning: Citation `Azuma:2004:OAR:1103900.1103926' on page 11 undefined o
n input line 378.

[11

]

LaTeX Warning: Citation `bb86741' on page 12 undefined on input line 384.


LaTeX Warning: Citation `bb86741' on page 12 undefined on input line 389.


LaTeX Warning: Citation `layar' on page 12 undefined on input line 392.


LaTeX Warning: Citation `wikitude' on page 12 undefined on input line 397.


LaTeX Warning: Citation `goggles' on page 12 undefined on input line 400.


LaTeX Warning: Citation `hitl' on page 12 undefined on input line 408.


LaTeX Warning: Citation `IntroStTubeES' on page 12 undefined on input line 408.



LaTeX Warning: Citation `citeulike:5955149' on page 12 undefined on input line 
423.


LaTeX Warning: Citation `Perry:1992:FSS:141874.141884' on page 12 undefined on 
input line 432.


Underfull \vbox (badness 10000) has occurred while \output is active []

 [12]

LaTeX Warning: Citation `restfielding' on page 13 undefined on input line 441.


LaTeX Warning: Citation `estoesgoogle' on page 13 undefined on input line 453.


LaTeX Warning: Citation `hat' on page 13 undefined on input line 460.


LaTeX Warning: Citation `rtpr' on page 13 undefined on input line 460.


LaTeX Warning: Citation `rupr' on page 13 undefined on input line 461.


LaTeX Warning: Citation `sui' on page 13 undefined on input line 462.


LaTeX Warning: Citation `md2011' on page 13 undefined on input line 471.


LaTeX Warning: Citation `md2010' on page 13 undefined on input line 472.

[13] [14] [15] [16] [17]
Cap\'{\i }tulo 2.

LaTeX Warning: Citation `geopointer' on page 18 undefined on input line 711.


LaTeX Warning: Citation `Kaye:2004:MSA:962342.964333' on page 18 undefined on i
nput line 713.


LaTeX Warning: Citation `hat' on page 18 undefined on input line 713.


LaTeX Warning: Citation `1698266' on page 18 undefined on input line 716.


LaTeX Warning: Citation `183317' on page 18 undefined on input line 720.


LaTeX Warning: Citation `Bimber:2007:MAA:1281500.1281628' on page 18 undefined 
on input line 721.


LaTeX Warning: Citation `aroasf' on page 18 undefined on input line 727.


LaTeX Warning: Citation `Bimber:2007:MAA:1281500.1281628' on page 18 undefined 
on input line 732.


LaTeX Warning: Citation `mrigd' on page 18 undefined on input line 741.


LaTeX Warning: Citation `1527367' on page 18 undefined on input line 742.


LaTeX Warning: Citation `vhli' on page 18 undefined on input line 742.


LaTeX Warning: Citation `rmac' on page 18 undefined on input line 742.


Underfull \vbox (badness 10000) has occurred while \output is active []

 [18

]

LaTeX Warning: Citation `Bederson:1995:AAR:223355.223526' on page 19 undefined 
on input line 758.


LaTeX Warning: Citation `hat' on page 19 undefined on input line 763.

<./img/hearthere.jpg, id=679, 284.56313pt x 355.3275pt>
File: ./img/hearthere.jpg Graphic file (type jpg)

<use ./img/hearthere.jpg>
Package pdftex.def Info: ./img/hearthere.jpg used on input line 775.
(pdftex.def)             Requested size: 227.62206pt x 284.24068pt.

Underfull \vbox (badness 10000) has occurred while \output is active []

 [19 <./img/hearthere.jpg>]

LaTeX Warning: Citation `Kaye:2004:MSA:962342.964333' on page 20 undefined on i
nput line 790.


LaTeX Warning: Citation `Yokokohji:2000:AIO:832288.835786' on page 20 undefined
 on input line 817.


LaTeX Warning: Citation `Sherstyuk:2009:DLA:1643928.1643982' on page 20 undefin
ed on input line 820.


LaTeX Warning: Citation `arcl' on page 20 undefined on input line 836.

[20]

LaTeX Warning: Citation `Bimber:2007:MAA:1281500.1281628' on page 21 undefined 
on input line 864.


LaTeX Warning: Citation `Kjlma:2009:FIP:1549820.1549906' on page 21 undefined o
n input line 866.


LaTeX Warning: Citation `Sonoda:2005:XFO:1187297.1187330' on page 21 undefined 
on input line 871.


LaTeX Warning: Citation `agar' on page 21 undefined on input line 894.

<./img/assemblyGuidance.jpg, id=690, 292.84406pt x 272.51813pt>
File: ./img/assemblyGuidance.jpg Graphic file (type jpg)

<use ./img/assemblyGuidance.jpg>
Package pdftex.def Info: ./img/assemblyGuidance.jpg used on input line 903.
(pdftex.def)             Requested size: 227.62206pt x 211.83142pt.


LaTeX Warning: Citation `Bimber:2007:MAA:1281500.1281628' on page 21 undefined 
on input line 917.


Underfull \vbox (badness 10000) has occurred while \output is active []

 [21]

LaTeX Warning: Citation `Bimber:2007:MAA:1281500.1281628' on page 22 undefined 
on input line 939.


Underfull \vbox (badness 10000) has occurred while \output is active []

 [22 <./img/assemblyGuidance.jpg>]

LaTeX Warning: Citation `1460165' on page 23 undefined on input line 967.

<./img/outdoorsAR.jpg, id=700, 312.41719pt x 234.1247pt>
File: ./img/outdoorsAR.jpg Graphic file (type jpg)

<use ./img/outdoorsAR.jpg>
Package pdftex.def Info: ./img/outdoorsAR.jpg used on input line 971.
(pdftex.def)             Requested size: 227.62206pt x 170.5845pt.


LaTeX Warning: Citation `bb86741' on page 23 undefined on input line 986.


Underfull \vbox (badness 3333) has occurred while \output is active []

 [23 <./img/outdoorsAR.jpg>]

LaTeX Warning: Citation `1527367' on page 24 undefined on input line 1002.


LaTeX Warning: Citation `geopointer' on page 24 undefined on input line 1005.


LaTeX Warning: Citation `citeulike:6844215' on page 24 undefined on input line 
1033.


LaTeX Warning: Citation `Eishita:2010:TSA:1920778.1920811' on page 24 undefined
 on input line 1041.


Underfull \vbox (badness 10000) has occurred while \output is active []

 [24]

LaTeX Warning: Citation `madden2011professional' on page 25 undefined on input 
line 1068.

[25]
Cap\'{\i }tulo 3.
[26

] [27] <./img/sistGra.jpg, id=734, 441.90094pt x 238.64156pt>
File: ./img/sistGra.jpg Graphic file (type jpg)

<use ./img/sistGra.jpg>
Package pdftex.def Info: ./img/sistGra.jpg used on input line 1194.
(pdftex.def)             Requested size: 227.62206pt x 122.92543pt.
 [28 <./img/sistGra.jpg>]
<./img/coord2D3DB.jpg, id=741, 746.03719pt x 222.8325pt>
File: ./img/coord2D3DB.jpg Graphic file (type jpg)

<use ./img/coord2D3DB.jpg>
Package pdftex.def Info: ./img/coord2D3DB.jpg used on input line 1256.
(pdftex.def)             Requested size: 409.71692pt x 122.37804pt.

Underfull \hbox (badness 1137) in paragraph at lines 1292--1292
[]\OT1/cmr/bx/n/14.4 Software y len-gua-jes de pro-gra-ma-ci^^Son pa-ra gr^^Saf
i-cas
 []

[29 <./img/coord2D3DB.jpg>]
<./img/secuenciaTransformaciones.jpg, id=747, 295.85532pt x 380.17032pt>
File: ./img/secuenciaTransformaciones.jpg Graphic file (type jpg)

<use ./img/secuenciaTransformaciones.jpg>
Package pdftex.def Info: ./img/secuenciaTransformaciones.jpg used on input line
 1342.
(pdftex.def)             Requested size: 227.62206pt x 292.50002pt.
 [30]

LaTeX Warning: Citation `Tan:2008:IDP:1396808.1397457' on page 31 undefined on 
input line 1384.

[31 <./img/secuenciaTransformaciones.jpg>]

LaTeX Warning: Citation `Azuma:2004:OAR:1103900.1103926' on page 32 undefined o
n input line 1395.


LaTeX Warning: Citation `StTbEs' on page 32 undefined on input line 1413.

LaTeX Font Info:    Try loading font information for OMS+cmr on input line 1447
.
(/usr/local/texlive/2012/texmf-dist/tex/latex/base/omscmr.fd
File: omscmr.fd 1999/05/25 v2.5h Standard LaTeX font definitions
)
LaTeX Font Info:    Font shape `OMS/cmr/m/n' in size <12> not available
(Font)              Font shape `OMS/cmsy/m/n' tried instead on input line 1447.

 [32]
<./img/qcar.jpg, id=762, 422.20895pt x 228.22105pt>
File: ./img/qcar.jpg Graphic file (type jpg)
 <use ./img/qcar.jpg>
Package pdftex.def Info: ./img/qcar.jpg used on input line 1457.
(pdftex.def)             Requested size: 341.43307pt x 184.5655pt.

[33 <./img/qcar.jpg>]
Cap\'{\i }tulo 4.
[34

] [35] [36] [37]
Underfull \vbox (badness 1082) has occurred while \output is active []

 [38]
<./img/ejb.jpg, id=795, 377.15906pt x 380.92313pt>
File: ./img/ejb.jpg Graphic file (type jpg)
 <use ./img/ejb.jpg>
Package pdftex.def Info: ./img/ejb.jpg used on input line 1735.
(pdftex.def)             Requested size: 227.62206pt x 229.89249pt.
 [39 <./img/ejb.jpg>] <./img/corba.jpg, id=802, 415.5525pt x 335.00156pt>
File: ./img/corba.jpg Graphic file (type jpg)

<use ./img/corba.jpg>
Package pdftex.def Info: ./img/corba.jpg used on input line 1773.
(pdftex.def)             Requested size: 341.43307pt x 275.26022pt.
 [40 <./img/corba.jpg>] [41]
Underfull \vbox (badness 2538) has occurred while \output is active []

 [42]
[43]
Cap\'{\i }tulo 5.
[44

]

LaTeX Warning: Citation `kronos' on page 45 undefined on input line 1965.


LaTeX Warning: Citation `openglAnd' on page 45 undefined on input line 1980.


LaTeX Warning: Citation `1772933' on page 45 undefined on input line 1997.

[45]

LaTeX Warning: Citation `artkfl' on page 46 undefined on input line 2034.


LaTeX Warning: Citation `Gaukrodger:2007:ARA:1328491.1328504' on page 46 undefi
ned on input line 2043.

<./img/artoolkitDiag.jpg, id=859, 374.90062pt x 371.13657pt>
File: ./img/artoolkitDiag.jpg Graphic file (type jpg)

<use ./img/artoolkitDiag.jpg>
Package pdftex.def Info: ./img/artoolkitDiag.jpg used on input line 2049.
(pdftex.def)             Requested size: 318.66948pt x 315.49022pt.
 [46] [47 <./img/artoolkitDiag.jpg>]

LaTeX Warning: Citation `artoolkitios' on page 48 undefined on input line 2061.



LaTeX Warning: Citation `slartoolkit' on page 48 undefined on input line 2069.


LaTeX Warning: Citation `flartoolkit' on page 48 undefined on input line 2077.


LaTeX Warning: Citation `pandar' on page 48 undefined on input line 2084.


LaTeX Warning: Citation `aroasf' on page 48 undefined on input line 2092.

<./img/andAR.jpg, id=869, 564.60938pt x 397.485pt>
File: ./img/andAR.jpg Graphic file (type jpg)
 <use ./img/andAR.jpg>
Package pdftex.def Info: ./img/andAR.jpg used on input line 2096.
(pdftex.def)             Requested size: 227.62206pt x 160.24666pt.

Underfull \vbox (badness 3536) has occurred while \output is active []

 [48]
[49 <./img/andAR.jpg>]
<./img/android-aplicaciones.jpg, id=884, 501.875pt x 464.73625pt>
File: ./img/android-aplicaciones.jpg Graphic file (type jpg)

<use ./img/android-aplicaciones.jpg>
Package pdftex.def Info: ./img/android-aplicaciones.jpg used on input line 2192
.
(pdftex.def)             Requested size: 386.96027pt x 358.3444pt.
 [50] [51 <./img/android-aplicaciones.jpg>] [52] [53] [54]

LaTeX Warning: Citation `jsr241' on page 55 undefined on input line 2358.

[55] [56] [57] [58] [59] [60]
Cap\'{\i }tulo 6.
[61

] [62] <./img/caching4.jpg, id=952, 304.88907pt x 478.78876pt>
File: ./img/caching4.jpg Graphic file (type jpg)

<use ./img/caching4.jpg>
Package pdftex.def Info: ./img/caching4.jpg used on input line 2796.
(pdftex.def)             Requested size: 250.38564pt x 393.20839pt.
 [63] [64 <./img/caching4.jpg>] [65]
<./img/caching1.jpg, id=968, 905.63344pt x 304.13625pt>
File: ./img/caching1.jpg Graphic file (type jpg)

<use ./img/caching1.jpg>
Package pdftex.def Info: ./img/caching1.jpg used on input line 2888.
(pdftex.def)             Requested size: 669.36205pt x 224.78813pt.

<./img/caching2.jpg, id=969, 615.80063pt x 435.12563pt>
File: ./img/caching2.jpg Graphic file (type jpg)

<use ./img/caching2.jpg>
Package pdftex.def Info: ./img/caching2.jpg used on input line 2895.
(pdftex.def)             Requested size: 409.71692pt x 289.51425pt.

<./img/caching3.jpg, id=970, 856.70062pt x 417.81094pt>
File: ./img/caching3.jpg Graphic file (type jpg)

<use ./img/caching3.jpg>
Package pdftex.def Info: ./img/caching3.jpg used on input line 2904.
(pdftex.def)             Requested size: 409.71692pt x 199.82019pt.
 [66] [67 <./img/caching1.jpg>] [68 <./img/caching2.jpg> <./img/caching3.jpg>]
Cap\'{\i }tulo 7.
[69

] <./img/CUCliente.jpg, id=991, 445.665pt x 293.59688pt>
File: ./img/CUCliente.jpg Graphic file (type jpg)

<use ./img/CUCliente.jpg>
Package pdftex.def Info: ./img/CUCliente.jpg used on input line 2985.
(pdftex.def)             Requested size: 341.43307pt x 224.93237pt.

<./img/CUServidor.jpg, id=992, 433.62pt x 301.8778pt>
File: ./img/CUServidor.jpg Graphic file (type jpg)

<use ./img/CUServidor.jpg>
Package pdftex.def Info: ./img/CUServidor.jpg used on input line 2992.
(pdftex.def)             Requested size: 341.43307pt x 237.7116pt.

Underfull \vbox (badness 10000) has occurred while \output is active []

 [70 <./img/CUCliente.jpg>] <./img/ADARACliente.jpg, id=998, 526.21594pt x 398.
23781pt>
File: ./img/ADARACliente.jpg Graphic file (type jpg)

<use ./img/ADARACliente.jpg>
Package pdftex.def Info: ./img/ADARACliente.jpg used on input line 3045.
(pdftex.def)             Requested size: 432.48051pt x 327.31061pt.
 [71 <./img/CUServidor.jpg>] [72 <./img/ADARACliente.jpg>] <./img/activityActiv
ity.jpg, id=1010, 295.1025pt x 633.11531pt>
File: ./img/activityActivity.jpg Graphic file (type jpg)

<use ./img/activityActivity.jpg>
Package pdftex.def Info: ./img/activityActivity.jpg used on input line 3118.
(pdftex.def)             Requested size: 182.09486pt x 390.6726pt.
 [73] [74 <./img/activityActivity.jpg>]
<./img/clasesActivity.jpg, id=1021, 626.34pt x 423.08063pt>
File: ./img/clasesActivity.jpg Graphic file (type jpg)

<use ./img/clasesActivity.jpg>
Package pdftex.def Info: ./img/clasesActivity.jpg used on input line 3166.
(pdftex.def)             Requested size: 386.96027pt x 261.39056pt.
 [75 <./img/clasesActivity.jpg>] [76] [77]
<./img/menuActivity.jpg, id=1047, 453.94594pt x 494.59781pt>
File: ./img/menuActivity.jpg Graphic file (type jpg)

<use ./img/menuActivity.jpg>
Package pdftex.def Info: ./img/menuActivity.jpg used on input line 3292.
(pdftex.def)             Requested size: 318.66948pt x 347.2123pt.

<./img/menuClases.jpg, id=1048, 694.09312pt x 358.33875pt>
File: ./img/menuClases.jpg Graphic file (type jpg)

<use ./img/menuClases.jpg>
Package pdftex.def Info: ./img/menuClases.jpg used on input line 3299.
(pdftex.def)             Requested size: 409.71692pt x 211.53285pt.

Underfull \vbox (badness 6157) has occurred while \output is active []

 [78 <./img/menuActivity.jpg>]

LaTeX Warning: Citation `aroasf' on page 79 undefined on input line 3326.

[79 <./img/menuClases.jpg>]
<./img/clasesLoader.jpg, id=1060, 453.19313pt x 99.37125pt>
File: ./img/clasesLoader.jpg Graphic file (type jpg)

<use ./img/clasesLoader.jpg>
Package pdftex.def Info: ./img/clasesLoader.jpg used on input line 3367.
(pdftex.def)             Requested size: 318.66948pt x 69.87477pt.
 [80 <./img/clasesLoader.jpg>]
<./img/activityLoader1.jpg, id=1066, 386.94562pt x 417.81094pt>
File: ./img/activityLoader1.jpg Graphic file (type jpg)

<use ./img/activityLoader1.jpg>
Package pdftex.def Info: ./img/activityLoader1.jpg used on input line 3384.
(pdftex.def)             Requested size: 273.14923pt x 294.93927pt.

<./img/activityLoader2.jpg, id=1067, 602.25pt x 408.02437pt>
File: ./img/activityLoader2.jpg Graphic file (type jpg)

<use ./img/activityLoader2.jpg>
Package pdftex.def Info: ./img/activityLoader2.jpg used on input line 3391.
(pdftex.def)             Requested size: 318.66948pt x 215.90323pt.
 [81 <./img/activityLoader1.jpg>]
<./img/ADARAServidor.jpg, id=1073, 634.62094pt x 462.22687pt>
File: ./img/ADARAServidor.jpg Graphic file (type jpg)

<use ./img/ADARAServidor.jpg>
Package pdftex.def Info: ./img/ADARAServidor.jpg used on input line 3431.
(pdftex.def)             Requested size: 432.48051pt x 315.00836pt.
 [82 <./img/activityLoader2.jpg>] [83 <./img/ADARAServidor.jpg>] [84]
<./img/activAnalysis.jpg, id=1098, 326.72063pt x 288.3272pt>
File: ./img/activAnalysis.jpg Graphic file (type jpg)

<use ./img/activAnalysis.jpg>
Package pdftex.def Info: ./img/activAnalysis.jpg used on input line 3516.
(pdftex.def)             Requested size: 204.85846pt x 180.78477pt.

Underfull \vbox (badness 1622) has occurred while \output is active []

 [85 <./img/activAnalysis.jpg>] [86] [87] [88]
Overfull \hbox (1.70612pt too wide) in paragraph at lines 3692--3692
[]\OT1/cmtt/m/n/12 C^^Sodigo 7.2: Formato de JSON para obtener el nombre de los
 campos y tablas.[] 
 []

[89] [90]
Cap\'{\i }tulo 8.
[91

] <./img/cliente1.jpg, id=1131, 469.00218pt x 350.05782pt>
File: ./img/cliente1.jpg Graphic file (type jpg)

<use ./img/cliente1.jpg>
Package pdftex.def Info: ./img/cliente1.jpg used on input line 3798.
(pdftex.def)             Requested size: 182.09486pt x 135.91306pt.

<./img/cliente3.jpg, id=1132, 471.26062pt x 350.81062pt>
File: ./img/cliente3.jpg Graphic file (type jpg)

<use ./img/cliente3.jpg>
Package pdftex.def Info: ./img/cliente3.jpg used on input line 3799.
(pdftex.def)             Requested size: 182.09486pt x 135.55229pt.

<./img/cliente4.jpg, id=1133, 468.24937pt x 349.305pt>
File: ./img/cliente4.jpg Graphic file (type jpg)

<use ./img/cliente4.jpg>
Package pdftex.def Info: ./img/cliente4.jpg used on input line 3800.
(pdftex.def)             Requested size: 182.09486pt x 135.83931pt.

<./img/servidorAdmin1.jpg, id=1134, 481.8pt x 399.74344pt>
File: ./img/servidorAdmin1.jpg Graphic file (type jpg)

<use ./img/servidorAdmin1.jpg>
Package pdftex.def Info: ./img/servidorAdmin1.jpg used on input line 3809.
(pdftex.def)             Requested size: 182.09486pt x 151.08063pt.

<./img/servidorAdmin2.jpg, id=1135, 528.47438pt x 621.82312pt>
File: ./img/servidorAdmin2.jpg Graphic file (type jpg)

<use ./img/servidorAdmin2.jpg>
Package pdftex.def Info: ./img/servidorAdmin2.jpg used on input line 3810.
(pdftex.def)             Requested size: 182.09486pt x 214.25404pt.

<./img/servidorUser.jpg, id=1136, 528.47438pt x 621.82312pt>
File: ./img/servidorUser.jpg Graphic file (type jpg)

<use ./img/servidorUser.jpg>
Package pdftex.def Info: ./img/servidorUser.jpg used on input line 3811.
(pdftex.def)             Requested size: 182.09486pt x 214.25404pt.
 [92 <./img/cliente1.jpg> <./img/cliente3.jpg> <./img/cliente4.jpg>] [93 <./img
/servidorAdmin1.jpg> <./img/servidorAdmin2.jpg> <./img/servidorUser.jpg>] [94] 
[95] [96] [97]
Cap\'{\i }tulo 9.
[98

] [99] [100] [101] [102]
Cap\'{\i }tulo 10.
No file tesisFinal.bbl.

Package glossaries Warning: No \printglossary or \printglossaries found.
This document will not have a glossary.

Package atveryend Info: Empty hook `BeforeClearDocument' on input line 4240.
[103

]
Package atveryend Info: Empty hook `AfterLastShipout' on input line 4240.
 (./tesisFinal.aux
LaTeX Info: Redefining \. on input line 25.
LaTeX Info: Redefining \% on input line 25.
)
Package atveryend Info: Executing hook `AtVeryEndDocument' on input line 4240.
Package atveryend Info: Executing hook `AtEndAfterFileList' on input line 4240.

Package rerunfilecheck Info: File `tesisFinal.out' has not changed.
(rerunfilecheck)             Checksum: E59B11CE1E681527E777D86C56B73703;8454.


LaTeX Warning: There were undefined references.


LaTeX Warning: Label(s) may have changed. Rerun to get cross-references right.

Package atveryend Info: Empty hook `AtVeryVeryEnd' on input line 4240.
 ) 
Here is how much of TeX's memory you used:
 9345 strings out of 493488
 138217 string characters out of 3141326
 240091 words of memory out of 3000000
 12144 multiletter control sequences out of 15000+200000
 9622 words of font info for 34 fonts, out of 3000000 for 9000
 957 hyphenation exceptions out of 8191
 37i,11n,35p,1430b,763s stack positions out of 5000i,500n,10000p,200000b,50000s
pdfTeX warning (dest): name{glo:framework} has been referenced but does not e
xist, replaced by a fixed one

pdfTeX warning (dest): name{glo:RPC} has been referenced but does not exist, re
placed by a fixed one

pdfTeX warning (dest): name{glo:GET} has been referenced but does not exist, re
placed by a fixed one

pdfTeX warning (dest): name{glo:POST} has been referenced but does not exist, r
eplaced by a fixed one

pdfTeX warning (dest): name{glo:JNDI} has been referenced but does not exist, r
eplaced by a fixed one

pdfTeX warning (dest): name{glo:plug\040and\040play} has been referenced but do
es not exist, replaced by a fixed one

pdfTeX warning (dest): name{glo:software} has been referenced but does not exis
t, replaced by a fixed one

pdfTeX warning (dest): name{glo:hardware} has been referenced but does not exis
t, replaced by a fixed one

pdfTeX warning (dest): name{glo:3D} has been referenced but does not exist, rep
laced by a fixed one

pdfTeX warning (dest): name{glo:2D} has been referenced but does not exist, rep
laced by a fixed one

</usr/local/texlive/2012/texmf-dist/fonts/type1/public/amsfonts/cm/cmbx12.pfb><
/usr/local/texlive/2012/texmf-dist/fonts/type1/public/amsfonts/cm/cmr12.pfb></u
sr/local/texlive/2012/texmf-dist/fonts/type1/public/amsfonts/cm/cmsy10.pfb></us
r/local/texlive/2012/texmf-dist/fonts/type1/public/amsfonts/cm/cmti12.pfb></usr
/local/texlive/2012/texmf-dist/fonts/type1/public/amsfonts/cm/cmtt12.pfb>
Output written on tesisFinal.pdf (103 pages, 3511869 bytes).
PDF statistics:
 1283 PDF objects out of 1440 (max. 8388607)
 1126 compressed objects within 12 object streams
 330 named destinations out of 1000 (max. 500000)
 1112 words of extra memory for PDF output out of 10000 (max. 10000000)

