\BOOKMARK [0][-]{chapter.1}{Introducci\363n}{}
\BOOKMARK [1][-]{section.1.1}{Antecedentes}{chapter.1}
\BOOKMARK [1][-]{section.1.2}{Definici\363n del problema}{chapter.1}
\BOOKMARK [1][-]{section.1.3}{Objetivos}{chapter.1}
\BOOKMARK [1][-]{section.1.4}{Justificaci\363n}{chapter.1}
\BOOKMARK [1][-]{section.1.5}{Hip\363tesis}{chapter.1}
\BOOKMARK [1][-]{section.1.6}{Metodolog\355a}{chapter.1}
\BOOKMARK [1][-]{section.1.7}{Conclusiones}{chapter.1}
\BOOKMARK [0][-]{chapter.2}{Estado del arte}{}
\BOOKMARK [0][-]{chapter.3}{Elementos que componen una aplicaci\363n de RA}{}
\BOOKMARK [1][-]{section.3.1}{Introducci\363n}{chapter.3}
\BOOKMARK [1][-]{section.3.2}{Aplicaciones gr\341ficas}{chapter.3}
\BOOKMARK [2][-]{subsection.3.2.1}{Introducci\363n}{section.3.2}
\BOOKMARK [2][-]{subsection.3.2.2}{Aplicaciones gr\341ficas interactivas}{section.3.2}
\BOOKMARK [2][-]{subsection.3.2.3}{Software y lenguajes de programaci\363n para gr\341ficas computacionales}{section.3.2}
\BOOKMARK [2][-]{subsection.3.2.4}{Est\341ndares de software gr\341fico}{section.3.2}
\BOOKMARK [1][-]{section.3.3}{Bibliotecas para creaci\363n de aplicaciones de RA}{chapter.3}
\BOOKMARK [1][-]{section.3.4}{Conclusi\363n}{chapter.3}
\BOOKMARK [0][-]{chapter.4}{Arquitectura basada en componentes}{}
\BOOKMARK [1][-]{section.4.1}{Introducci\363n}{chapter.4}
\BOOKMARK [1][-]{section.4.2}{Antecedentes}{chapter.4}
\BOOKMARK [1][-]{section.4.3}{Diferencias entre POO y POC}{chapter.4}
\BOOKMARK [1][-]{section.4.4}{Ventajas de la POC}{chapter.4}
\BOOKMARK [2][-]{subsection.4.4.1}{Conquistar la complejidad}{section.4.4}
\BOOKMARK [2][-]{subsection.4.4.2}{Administrar los cambios}{section.4.4}
\BOOKMARK [2][-]{subsection.4.4.3}{Reusar c\363digo}{section.4.4}
\BOOKMARK [2][-]{subsection.4.4.4}{Mejora de la calidad}{section.4.4}
\BOOKMARK [2][-]{subsection.4.4.5}{Aumento en la productividad}{section.4.4}
\BOOKMARK [2][-]{subsection.4.4.6}{Fomenta la estandarizaci\363n del software}{section.4.4}
\BOOKMARK [1][-]{section.4.5}{Tecnolog\355as orientadas a componentes}{chapter.4}
\BOOKMARK [1][-]{section.4.6}{Conclusi\363n}{chapter.4}
\BOOKMARK [0][-]{chapter.5}{Marco de trabajo}{}
\BOOKMARK [1][-]{section.5.1}{OpenGL}{chapter.5}
\BOOKMARK [2][-]{subsection.5.1.1}{OpenGL ES}{section.5.1}
\BOOKMARK [2][-]{subsection.5.1.2}{WebGL}{section.5.1}
\BOOKMARK [2][-]{subsection.5.1.3}{Conclusi\363n}{section.5.1}
\BOOKMARK [1][-]{section.5.2}{ARtoolkit}{chapter.5}
\BOOKMARK [2][-]{subsection.5.2.1}{Introducci\363n}{section.5.2}
\BOOKMARK [2][-]{subsection.5.2.2}{Implementaciones}{section.5.2}
\BOOKMARK [1][-]{section.5.3}{Android}{chapter.5}
\BOOKMARK [2][-]{subsection.5.3.1}{Introducci\363n}{section.5.3}
\BOOKMARK [2][-]{subsection.5.3.2}{Arquitectura}{section.5.3}
\BOOKMARK [1][-]{section.5.4}{Frameworks para el desarrollo r\341pido de aplicaciones}{chapter.5}
\BOOKMARK [2][-]{subsection.5.4.1}{Spring Roo}{section.5.4}
\BOOKMARK [2][-]{subsection.5.4.2}{Grails}{section.5.4}
\BOOKMARK [2][-]{subsection.5.4.3}{Conclusi\363n}{section.5.4}
\BOOKMARK [1][-]{section.5.5}{Groovy}{chapter.5}
\BOOKMARK [1][-]{section.5.6}{Rest}{chapter.5}
\BOOKMARK [2][-]{subsection.5.6.1}{REST y Grails}{section.5.6}
\BOOKMARK [1][-]{section.5.7}{Json}{chapter.5}
\BOOKMARK [1][-]{section.5.8}{Conclusi\363n}{chapter.5}
\BOOKMARK [0][-]{chapter.6}{Caching basado en geoposicionamiento}{}
\BOOKMARK [1][-]{section.6.1}{Introducci\363n}{chapter.6}
\BOOKMARK [1][-]{section.6.2}{Caching}{chapter.6}
\BOOKMARK [1][-]{section.6.3}{Implementaci\363n}{chapter.6}
\BOOKMARK [1][-]{section.6.4}{Conclusi\363n}{chapter.6}
\BOOKMARK [0][-]{chapter.7}{Arquitectura propuesta}{}
\BOOKMARK [1][-]{section.7.1}{Introducci\363n}{chapter.7}
\BOOKMARK [1][-]{section.7.2}{ADARA}{chapter.7}
\BOOKMARK [1][-]{section.7.3}{Cliente}{chapter.7}
\BOOKMARK [2][-]{subsection.7.3.1}{Activity}{section.7.3}
\BOOKMARK [3][-]{subsubsection.7.3.1.1}{Prop\363sitos}{subsection.7.3.1}
\BOOKMARK [3][-]{subsubsection.7.3.1.2}{Implementaci\363n}{subsection.7.3.1}
\BOOKMARK [3][-]{subsubsection.7.3.1.3}{Ventajas}{subsection.7.3.1}
\BOOKMARK [2][-]{subsection.7.3.2}{Men\372s}{section.7.3}
\BOOKMARK [3][-]{subsubsection.7.3.2.1}{Prop\363sitos}{subsection.7.3.2}
\BOOKMARK [3][-]{subsubsection.7.3.2.2}{Implementaci\363n}{subsection.7.3.2}
\BOOKMARK [3][-]{subsubsection.7.3.2.3}{Ventajas}{subsection.7.3.2}
\BOOKMARK [2][-]{subsection.7.3.3}{Caching}{section.7.3}
\BOOKMARK [2][-]{subsection.7.3.4}{Carga de objetos 3D}{section.7.3}
\BOOKMARK [3][-]{subsubsection.7.3.4.1}{Prop\363sitos}{subsection.7.3.4}
\BOOKMARK [3][-]{subsubsection.7.3.4.2}{Implementaci\363n}{subsection.7.3.4}
\BOOKMARK [3][-]{subsubsection.7.3.4.3}{Ventajas}{subsection.7.3.4}
\BOOKMARK [1][-]{section.7.4}{Servidor}{chapter.7}
\BOOKMARK [2][-]{subsection.7.4.1}{Plugin grails}{section.7.4}
\BOOKMARK [3][-]{subsubsection.7.4.1.1}{Prop\363sitos}{subsection.7.4.1}
\BOOKMARK [3][-]{subsubsection.7.4.1.2}{Implementaci\363n}{subsection.7.4.1}
\BOOKMARK [3][-]{subsubsection.7.4.1.3}{Ventajas}{subsection.7.4.1}
\BOOKMARK [2][-]{subsection.7.4.2}{An\341lisis de datos}{section.7.4}
\BOOKMARK [3][-]{subsubsection.7.4.2.1}{Prop\363sitos}{subsection.7.4.2}
\BOOKMARK [3][-]{subsubsection.7.4.2.2}{Implementaci\363n}{subsection.7.4.2}
\BOOKMARK [3][-]{subsubsection.7.4.2.3}{Ventajas}{subsection.7.4.2}
\BOOKMARK [2][-]{subsection.7.4.3}{Administraci\363n de aplicaci\363n}{section.7.4}
\BOOKMARK [3][-]{subsubsection.7.4.3.1}{Prop\363sitos}{subsection.7.4.3}
\BOOKMARK [3][-]{subsubsection.7.4.3.2}{Implementaci\363n}{subsection.7.4.3}
\BOOKMARK [2][-]{subsection.7.4.4}{Administraci\363n de usuario}{section.7.4}
\BOOKMARK [3][-]{subsubsection.7.4.4.1}{Prop\363sitos}{subsection.7.4.4}
\BOOKMARK [3][-]{subsubsection.7.4.4.2}{Implementaci\363n}{subsection.7.4.4}
\BOOKMARK [2][-]{subsection.7.4.5}{Comunicaci\363n}{section.7.4}
\BOOKMARK [3][-]{subsubsection.7.4.5.1}{Prop\363sitos}{subsection.7.4.5}
\BOOKMARK [3][-]{subsubsection.7.4.5.2}{Implementaci\363n}{subsection.7.4.5}
\BOOKMARK [3][-]{subsubsection.7.4.5.3}{Ventajas}{subsection.7.4.5}
\BOOKMARK [0][-]{chapter.8}{Caso de estudio y resultados}{}
\BOOKMARK [1][-]{section.8.1}{Introducci\363n}{chapter.8}
\BOOKMARK [1][-]{section.8.2}{Escenario}{chapter.8}
\BOOKMARK [1][-]{section.8.3}{Curva de aprendizaje}{chapter.8}
\BOOKMARK [2][-]{subsection.8.3.1}{Desarrollo tradicional}{section.8.3}
\BOOKMARK [2][-]{subsection.8.3.2}{Soluciones prove\355das por ADARA}{section.8.3}
\BOOKMARK [3][-]{subsubsection.8.3.2.1}{Falta de conocimiento de OpenGL por parte del desarrollador}{subsection.8.3.2}
\BOOKMARK [3][-]{subsubsection.8.3.2.2}{Necesidad de hace uso de diversas tecnolog\355as para poder lograr los objetivos}{subsection.8.3.2}
\BOOKMARK [3][-]{subsubsection.8.3.2.3}{Necesidad de entender como funcionaba el c\363digo de las principales clases para poder extender alguna funcionalidad}{subsection.8.3.2}
\BOOKMARK [2][-]{subsection.8.3.3}{Desarrollo por medio de ADARA}{section.8.3}
\BOOKMARK [1][-]{section.8.4}{Tiempo de desarrollo}{chapter.8}
\BOOKMARK [2][-]{subsection.8.4.1}{Desarrollo tradicional}{section.8.4}
\BOOKMARK [2][-]{subsection.8.4.2}{Desarrollo por medio de ADARA}{section.8.4}
\BOOKMARK [1][-]{section.8.5}{Tecnolog\355as}{chapter.8}
\BOOKMARK [2][-]{subsection.8.5.1}{Desarrollo tradicional}{section.8.5}
\BOOKMARK [2][-]{subsection.8.5.2}{Desarrollo por medio de ADARA}{section.8.5}
\BOOKMARK [1][-]{section.8.6}{Facilidad para agregar nuevos componentes}{chapter.8}
\BOOKMARK [2][-]{subsection.8.6.1}{Desarrollo tradicional}{section.8.6}
\BOOKMARK [2][-]{subsection.8.6.2}{Desarrollo por medio de ADARA}{section.8.6}
\BOOKMARK [1][-]{section.8.7}{Enfoque en objetivos de negocio}{chapter.8}
\BOOKMARK [2][-]{subsection.8.7.1}{Desarrollo tradicional}{section.8.7}
\BOOKMARK [2][-]{subsection.8.7.2}{Desarrollo por medio de ADARA}{section.8.7}
\BOOKMARK [1][-]{section.8.8}{Conclusi\363n}{chapter.8}
\BOOKMARK [0][-]{chapter.9}{Conclusiones}{}
\BOOKMARK [0][-]{chapter.10}{Trabajo futuro}{}
