This is pdfTeX, Version 3.1415926-1.40.10 (TeX Live 2009/Debian) (format=pdflatex 2011.10.26)  16 APR 2012 13:36
entering extended mode
 Source specials enabled.
 %&-line parsing enabled.
**tesisFinal.tex
(./tesisFinal.tex
LaTeX2e <2009/09/24>
Babel <v3.8l> and hyphenation patterns for english, usenglishmax, dumylang, noh
yphenation, farsi, arabic, croatian, bulgarian, ukrainian, russian, czech, slov
ak, danish, dutch, finnish, french, basque, ngerman, german, german-x-2009-06-1
9, ngerman-x-2009-06-19, ibycus, monogreek, greek, ancientgreek, hungarian, san
skrit, italian, latin, latvian, lithuanian, mongolian2a, mongolian, bokmal, nyn
orsk, romanian, irish, coptic, serbian, turkish, welsh, esperanto, uppersorbian
, estonian, indonesian, interlingua, icelandic, kurmanji, slovenian, polish, po
rtuguese, spanish, galician, catalan, swedish, ukenglish, pinyin, loaded.
(/usr/share/texmf-texlive/tex/latex/base/book.cls
Document Class: book 2007/10/19 v1.4h Standard LaTeX document class
(/usr/share/texmf-texlive/tex/latex/base/bk12.clo
File: bk12.clo 2007/10/19 v1.4h Standard LaTeX file (size option)
)
\c@part=\count79
\c@chapter=\count80
\c@section=\count81
\c@subsection=\count82
\c@subsubsection=\count83
\c@paragraph=\count84
\c@subparagraph=\count85
\c@figure=\count86
\c@table=\count87
\abovecaptionskip=\skip41
\belowcaptionskip=\skip42
\bibindent=\dimen102
)
(/usr/share/texmf-texlive/tex/latex/anysize/anysize.sty
Package: anysize 1994/08/13 setting margin sizes

document style option `anysize' loaded
Michael Salzenberg, Thomas Esser, Dirk Hillbrecht
Version 1.0, Aug 13, 1994
\@Leftmargin=\dimen103
\@Rightmargin=\dimen104
\@Topmargin=\dimen105
\@Bottommargin=\dimen106
) (/var/lib/texmf/tex/generic/babel/babel.sty
Package: babel 2008/07/06 v3.8l The Babel package

(/usr/share/texmf-texlive/tex/generic/babel/spanish.ldf
Language: spanish.ldf 2009/01/02 v5.0h Spanish support from the babel system

(/usr/share/texmf-texlive/tex/generic/babel/babel.def
File: babel.def 2008/07/06 v3.8l Babel common definitions
\babel@savecnt=\count88
\U@D=\dimen107
)
\es@datefmt=\count89
\es@quottoks=\toks14
\es@quotdepth=\count90
Package babel Info: Making " an active character on input line 492.
Package babel Info: Making . an active character on input line 585.
Package babel Info: Making < an active character on input line 630.
Package babel Info: Making > an active character on input line 630.
))
(/usr/share/texmf-texlive/tex/latex/base/inputenc.sty
Package: inputenc 2008/03/30 v1.1d Input encoding file
\inpenc@prehook=\toks15
\inpenc@posthook=\toks16

(/usr/share/texmf-texlive/tex/latex/base/utf8.def
File: utf8.def 2008/04/05 v1.1m UTF-8 support for inputenc
Now handling font encoding OML ...
... no UTF-8 mapping file for font encoding OML
Now handling font encoding T1 ...
... processing UTF-8 mapping file for font encoding T1

(/usr/share/texmf-texlive/tex/latex/base/t1enc.dfu
File: t1enc.dfu 2008/04/05 v1.1m UTF-8 support for inputenc
   defining Unicode char U+00A1 (decimal 161)
   defining Unicode char U+00A3 (decimal 163)
   defining Unicode char U+00AB (decimal 171)
   defining Unicode char U+00BB (decimal 187)
   defining Unicode char U+00BF (decimal 191)
   defining Unicode char U+00C0 (decimal 192)
   defining Unicode char U+00C1 (decimal 193)
   defining Unicode char U+00C2 (decimal 194)
   defining Unicode char U+00C3 (decimal 195)
   defining Unicode char U+00C4 (decimal 196)
   defining Unicode char U+00C5 (decimal 197)
   defining Unicode char U+00C6 (decimal 198)
   defining Unicode char U+00C7 (decimal 199)
   defining Unicode char U+00C8 (decimal 200)
   defining Unicode char U+00C9 (decimal 201)
   defining Unicode char U+00CA (decimal 202)
   defining Unicode char U+00CB (decimal 203)
   defining Unicode char U+00CC (decimal 204)
   defining Unicode char U+00CD (decimal 205)
   defining Unicode char U+00CE (decimal 206)
   defining Unicode char U+00CF (decimal 207)
   defining Unicode char U+00D0 (decimal 208)
   defining Unicode char U+00D1 (decimal 209)
   defining Unicode char U+00D2 (decimal 210)
   defining Unicode char U+00D3 (decimal 211)
   defining Unicode char U+00D4 (decimal 212)
   defining Unicode char U+00D5 (decimal 213)
   defining Unicode char U+00D6 (decimal 214)
   defining Unicode char U+00D8 (decimal 216)
   defining Unicode char U+00D9 (decimal 217)
   defining Unicode char U+00DA (decimal 218)
   defining Unicode char U+00DB (decimal 219)
   defining Unicode char U+00DC (decimal 220)
   defining Unicode char U+00DD (decimal 221)
   defining Unicode char U+00DE (decimal 222)
   defining Unicode char U+00DF (decimal 223)
   defining Unicode char U+00E0 (decimal 224)
   defining Unicode char U+00E1 (decimal 225)
   defining Unicode char U+00E2 (decimal 226)
   defining Unicode char U+00E3 (decimal 227)
   defining Unicode char U+00E4 (decimal 228)
   defining Unicode char U+00E5 (decimal 229)
   defining Unicode char U+00E6 (decimal 230)
   defining Unicode char U+00E7 (decimal 231)
   defining Unicode char U+00E8 (decimal 232)
   defining Unicode char U+00E9 (decimal 233)
   defining Unicode char U+00EA (decimal 234)
   defining Unicode char U+00EB (decimal 235)
   defining Unicode char U+00EC (decimal 236)
   defining Unicode char U+00ED (decimal 237)
   defining Unicode char U+00EE (decimal 238)
   defining Unicode char U+00EF (decimal 239)
   defining Unicode char U+00F0 (decimal 240)
   defining Unicode char U+00F1 (decimal 241)
   defining Unicode char U+00F2 (decimal 242)
   defining Unicode char U+00F3 (decimal 243)
   defining Unicode char U+00F4 (decimal 244)
   defining Unicode char U+00F5 (decimal 245)
   defining Unicode char U+00F6 (decimal 246)
   defining Unicode char U+00F8 (decimal 248)
   defining Unicode char U+00F9 (decimal 249)
   defining Unicode char U+00FA (decimal 250)
   defining Unicode char U+00FB (decimal 251)
   defining Unicode char U+00FC (decimal 252)
   defining Unicode char U+00FD (decimal 253)
   defining Unicode char U+00FE (decimal 254)
   defining Unicode char U+00FF (decimal 255)
   defining Unicode char U+0102 (decimal 258)
   defining Unicode char U+0103 (decimal 259)
   defining Unicode char U+0104 (decimal 260)
   defining Unicode char U+0105 (decimal 261)
   defining Unicode char U+0106 (decimal 262)
   defining Unicode char U+0107 (decimal 263)
   defining Unicode char U+010C (decimal 268)
   defining Unicode char U+010D (decimal 269)
   defining Unicode char U+010E (decimal 270)
   defining Unicode char U+010F (decimal 271)
   defining Unicode char U+0110 (decimal 272)
   defining Unicode char U+0111 (decimal 273)
   defining Unicode char U+0118 (decimal 280)
   defining Unicode char U+0119 (decimal 281)
   defining Unicode char U+011A (decimal 282)
   defining Unicode char U+011B (decimal 283)
   defining Unicode char U+011E (decimal 286)
   defining Unicode char U+011F (decimal 287)
   defining Unicode char U+0130 (decimal 304)
   defining Unicode char U+0131 (decimal 305)
   defining Unicode char U+0132 (decimal 306)
   defining Unicode char U+0133 (decimal 307)
   defining Unicode char U+0139 (decimal 313)
   defining Unicode char U+013A (decimal 314)
   defining Unicode char U+013D (decimal 317)
   defining Unicode char U+013E (decimal 318)
   defining Unicode char U+0141 (decimal 321)
   defining Unicode char U+0142 (decimal 322)
   defining Unicode char U+0143 (decimal 323)
   defining Unicode char U+0144 (decimal 324)
   defining Unicode char U+0147 (decimal 327)
   defining Unicode char U+0148 (decimal 328)
   defining Unicode char U+014A (decimal 330)
   defining Unicode char U+014B (decimal 331)
   defining Unicode char U+0150 (decimal 336)
   defining Unicode char U+0151 (decimal 337)
   defining Unicode char U+0152 (decimal 338)
   defining Unicode char U+0153 (decimal 339)
   defining Unicode char U+0154 (decimal 340)
   defining Unicode char U+0155 (decimal 341)
   defining Unicode char U+0158 (decimal 344)
   defining Unicode char U+0159 (decimal 345)
   defining Unicode char U+015A (decimal 346)
   defining Unicode char U+015B (decimal 347)
   defining Unicode char U+015E (decimal 350)
   defining Unicode char U+015F (decimal 351)
   defining Unicode char U+0160 (decimal 352)
   defining Unicode char U+0161 (decimal 353)
   defining Unicode char U+0162 (decimal 354)
   defining Unicode char U+0163 (decimal 355)
   defining Unicode char U+0164 (decimal 356)
   defining Unicode char U+0165 (decimal 357)
   defining Unicode char U+016E (decimal 366)
   defining Unicode char U+016F (decimal 367)
   defining Unicode char U+0170 (decimal 368)
   defining Unicode char U+0171 (decimal 369)
   defining Unicode char U+0178 (decimal 376)
   defining Unicode char U+0179 (decimal 377)
   defining Unicode char U+017A (decimal 378)
   defining Unicode char U+017B (decimal 379)
   defining Unicode char U+017C (decimal 380)
   defining Unicode char U+017D (decimal 381)
   defining Unicode char U+017E (decimal 382)
   defining Unicode char U+200C (decimal 8204)
   defining Unicode char U+2013 (decimal 8211)
   defining Unicode char U+2014 (decimal 8212)
   defining Unicode char U+2018 (decimal 8216)
   defining Unicode char U+2019 (decimal 8217)
   defining Unicode char U+201A (decimal 8218)
   defining Unicode char U+201C (decimal 8220)
   defining Unicode char U+201D (decimal 8221)
   defining Unicode char U+201E (decimal 8222)
   defining Unicode char U+2030 (decimal 8240)
   defining Unicode char U+2031 (decimal 8241)
   defining Unicode char U+2039 (decimal 8249)
   defining Unicode char U+203A (decimal 8250)
   defining Unicode char U+2423 (decimal 9251)
)
Now handling font encoding OT1 ...
... processing UTF-8 mapping file for font encoding OT1

(/usr/share/texmf-texlive/tex/latex/base/ot1enc.dfu
File: ot1enc.dfu 2008/04/05 v1.1m UTF-8 support for inputenc
   defining Unicode char U+00A1 (decimal 161)
   defining Unicode char U+00A3 (decimal 163)
   defining Unicode char U+00B8 (decimal 184)
   defining Unicode char U+00BF (decimal 191)
   defining Unicode char U+00C5 (decimal 197)
   defining Unicode char U+00C6 (decimal 198)
   defining Unicode char U+00D8 (decimal 216)
   defining Unicode char U+00DF (decimal 223)
   defining Unicode char U+00E6 (decimal 230)
   defining Unicode char U+00EC (decimal 236)
   defining Unicode char U+00ED (decimal 237)
   defining Unicode char U+00EE (decimal 238)
   defining Unicode char U+00EF (decimal 239)
   defining Unicode char U+00F8 (decimal 248)
   defining Unicode char U+0131 (decimal 305)
   defining Unicode char U+0141 (decimal 321)
   defining Unicode char U+0142 (decimal 322)
   defining Unicode char U+0152 (decimal 338)
   defining Unicode char U+0153 (decimal 339)
   defining Unicode char U+2013 (decimal 8211)
   defining Unicode char U+2014 (decimal 8212)
   defining Unicode char U+2018 (decimal 8216)
   defining Unicode char U+2019 (decimal 8217)
   defining Unicode char U+201C (decimal 8220)
   defining Unicode char U+201D (decimal 8221)
)
Now handling font encoding OMS ...
... processing UTF-8 mapping file for font encoding OMS

(/usr/share/texmf-texlive/tex/latex/base/omsenc.dfu
File: omsenc.dfu 2008/04/05 v1.1m UTF-8 support for inputenc
   defining Unicode char U+00A7 (decimal 167)
   defining Unicode char U+00B6 (decimal 182)
   defining Unicode char U+00B7 (decimal 183)
   defining Unicode char U+2020 (decimal 8224)
   defining Unicode char U+2021 (decimal 8225)
   defining Unicode char U+2022 (decimal 8226)
)
Now handling font encoding OMX ...
... no UTF-8 mapping file for font encoding OMX
Now handling font encoding U ...
... no UTF-8 mapping file for font encoding U
   defining Unicode char U+00A9 (decimal 169)
   defining Unicode char U+00AA (decimal 170)
   defining Unicode char U+00AE (decimal 174)
   defining Unicode char U+00BA (decimal 186)
   defining Unicode char U+02C6 (decimal 710)
   defining Unicode char U+02DC (decimal 732)
   defining Unicode char U+200C (decimal 8204)
   defining Unicode char U+2026 (decimal 8230)
   defining Unicode char U+2122 (decimal 8482)
   defining Unicode char U+2423 (decimal 9251)
))
(/usr/share/texmf-texlive/tex/latex/graphics/graphicx.sty
Package: graphicx 1999/02/16 v1.0f Enhanced LaTeX Graphics (DPC,SPQR)

(/usr/share/texmf-texlive/tex/latex/graphics/keyval.sty
Package: keyval 1999/03/16 v1.13 key=value parser (DPC)
\KV@toks@=\toks17
)
(/usr/share/texmf-texlive/tex/latex/graphics/graphics.sty
Package: graphics 2009/02/05 v1.0o Standard LaTeX Graphics (DPC,SPQR)

(/usr/share/texmf-texlive/tex/latex/graphics/trig.sty
Package: trig 1999/03/16 v1.09 sin cos tan (DPC)
)
(/etc/texmf/tex/latex/config/graphics.cfg
File: graphics.cfg 2009/08/28 v1.8 graphics configuration of TeX Live
)
Package graphics Info: Driver file: pdftex.def on input line 91.

(/usr/share/texmf-texlive/tex/latex/pdftex-def/pdftex.def
File: pdftex.def 2010/03/12 v0.04p Graphics/color for pdfTeX
\Gread@gobject=\count91
))
\Gin@req@height=\dimen108
\Gin@req@width=\dimen109
)
(/usr/share/texmf-texlive/tex/latex/tools/enumerate.sty
Package: enumerate 1999/03/05 v3.00 enumerate extensions (DPC)
\@enLab=\toks18
)
(/usr/share/texmf-texlive/tex/latex/tools/verbatim.sty
Package: verbatim 2003/08/22 v1.5q LaTeX2e package for verbatim enhancements
\every@verbatim=\toks19
\verbatim@line=\toks20
\verbatim@in@stream=\read1
)
(/usr/share/texmf-texlive/tex/latex/chngcntr/chngcntr.sty
Package: chngcntr 2009/09/02 v1.0a change counter resetting
)
(/usr/share/texmf-texlive/tex/latex/setspace/setspace.sty
Package: setspace 2000/12/01 6.7 Contributed and Supported LaTeX2e package

Package: `setspace' 6.7 <2000/12/01>
) (/usr/share/texmf-texlive/tex/latex/booktabs/booktabs.sty
Package: booktabs 2005/04/14 v1.61803 publication quality tables
\heavyrulewidth=\dimen110
\lightrulewidth=\dimen111
\cmidrulewidth=\dimen112
\belowrulesep=\dimen113
\belowbottomsep=\dimen114
\aboverulesep=\dimen115
\abovetopsep=\dimen116
\cmidrulesep=\dimen117
\cmidrulekern=\dimen118
\defaultaddspace=\dimen119
\@cmidla=\count92
\@cmidlb=\count93
\@aboverulesep=\dimen120
\@belowrulesep=\dimen121
\@thisruleclass=\count94
\@lastruleclass=\count95
\@thisrulewidth=\dimen122
)
(/usr/share/texmf-texlive/tex/latex/rotating/rotating.sty
Package: rotating 2009/03/28 v2.16a rotated objects in LaTeX

(/usr/share/texmf-texlive/tex/latex/base/ifthen.sty
Package: ifthen 2001/05/26 v1.1c Standard LaTeX ifthen package (DPC)
)
\c@r@tfl@t=\count96
\rotFPtop=\skip43
\rotFPbot=\skip44
\rot@float@box=\box26
\rot@mess@toks=\toks21
)
(/usr/share/texmf-texlive/tex/latex/hyperref/hyperref.sty
Package: hyperref 2009/10/09 v6.79a Hypertext links for LaTeX

(/usr/share/texmf-texlive/tex/generic/oberdiek/ifpdf.sty
Package: ifpdf 2009/04/10 v2.0 Provides the ifpdf switch (HO)
Package ifpdf Info: pdfTeX in pdf mode detected.
)
(/usr/share/texmf-texlive/tex/generic/oberdiek/ifvtex.sty
Package: ifvtex 2008/11/04 v1.4 Switches for detecting VTeX and its modes (HO)
Package ifvtex Info: VTeX not detected.
)
(/usr/share/texmf-texlive/tex/generic/ifxetex/ifxetex.sty
Package: ifxetex 2009/01/23 v0.5 Provides ifxetex conditional
)
(/usr/share/texmf-texlive/tex/latex/oberdiek/hycolor.sty
Package: hycolor 2009/10/02 v1.5 Code for color options of hyperref/bookmark (H
O)

(/usr/share/texmf-texlive/tex/latex/oberdiek/xcolor-patch.sty
Package: xcolor-patch 2009/10/02 xcolor patch
))
\@linkdim=\dimen123
\Hy@linkcounter=\count97
\Hy@pagecounter=\count98

(/usr/share/texmf-texlive/tex/latex/hyperref/pd1enc.def
File: pd1enc.def 2009/10/09 v6.79a Hyperref: PDFDocEncoding definition (HO)
Now handling font encoding PD1 ...
... no UTF-8 mapping file for font encoding PD1
)
(/usr/share/texmf-texlive/tex/generic/oberdiek/etexcmds.sty
Package: etexcmds 2007/12/12 v1.2 Prefix for e-TeX command names (HO)

(/usr/share/texmf-texlive/tex/generic/oberdiek/infwarerr.sty
Package: infwarerr 2007/09/09 v1.2 Providing info/warning/message (HO)
)
Package etexcmds Info: Could not find \expanded.
(etexcmds)             That can mean that you are not using pdfTeX 1.50 or
(etexcmds)             that some package has redefined \expanded.
(etexcmds)             In the latter case, load this package earlier.
)
(/usr/share/texmf-texlive/tex/latex/latexconfig/hyperref.cfg
File: hyperref.cfg 2002/06/06 v1.2 hyperref configuration of TeXLive
)
(/usr/share/texmf-texlive/tex/latex/oberdiek/kvoptions.sty
Package: kvoptions 2009/08/13 v3.4 Keyval support for LaTeX options (HO)

(/usr/share/texmf-texlive/tex/generic/oberdiek/kvsetkeys.sty
Package: kvsetkeys 2009/07/30 v1.5 Key value parser with default handler suppor
t (HO)
))
Package hyperref Info: Hyper figures OFF on input line 2975.
Package hyperref Info: Link nesting OFF on input line 2980.
Package hyperref Info: Hyper index ON on input line 2983.
Package hyperref Info: Plain pages OFF on input line 2990.
Package hyperref Info: Backreferencing OFF on input line 2995.

Implicit mode ON; LaTeX internals redefined
Package hyperref Info: Bookmarks ON on input line 3191.
(/usr/share/texmf-texlive/tex/latex/ltxmisc/url.sty
\Urlmuskip=\muskip10
Package: url 2006/04/12  ver 3.3  Verb mode for urls, etc.
)
LaTeX Info: Redefining \url on input line 3428.

(/usr/share/texmf-texlive/tex/generic/oberdiek/bitset.sty
Package: bitset 2007/09/28 v1.0 Data type bit set (HO)

(/usr/share/texmf-texlive/tex/generic/oberdiek/intcalc.sty
Package: intcalc 2007/09/27 v1.1 Expandable integer calculations (HO)
)
(/usr/share/texmf-texlive/tex/generic/oberdiek/bigintcalc.sty
Package: bigintcalc 2007/11/11 v1.1 Expandable big integer calculations (HO)

(/usr/share/texmf-texlive/tex/generic/oberdiek/pdftexcmds.sty
Package: pdftexcmds 2009/09/23 v0.6 LuaTeX support for pdfTeX utility functions
 (HO)

(/usr/share/texmf-texlive/tex/generic/oberdiek/ifluatex.sty
Package: ifluatex 2009/04/17 v1.2 Provides the ifluatex switch (HO)
Package ifluatex Info: LuaTeX not detected.
)
(/usr/share/texmf-texlive/tex/generic/oberdiek/ltxcmds.sty
Package: ltxcmds 2009/08/05 v1.0 Some LaTeX kernel commands for general use (HO
)
)
Package pdftexcmds Info: LuaTeX not detected.
Package pdftexcmds Info: \pdf@primitive is available.
Package pdftexcmds Info: \pdf@ifprimitive is available.
)))
\Fld@menulength=\count99
\Field@Width=\dimen124
\Fld@charsize=\dimen125
\Field@toks=\toks22
Package hyperref Info: Hyper figures OFF on input line 4377.
Package hyperref Info: Link nesting OFF on input line 4382.
Package hyperref Info: Hyper index ON on input line 4385.
Package hyperref Info: backreferencing OFF on input line 4392.
Package hyperref Info: Link coloring OFF on input line 4397.
Package hyperref Info: Link coloring with OCG OFF on input line 4402.
Package hyperref Info: PDF/A mode OFF on input line 4407.

(/usr/share/texmf-texlive/tex/generic/oberdiek/atbegshi.sty
Package: atbegshi 2008/07/31 v1.9 At begin shipout hook (HO)
)
\Hy@abspage=\count100
\c@Item=\count101
\c@Hfootnote=\count102
)
*hyperref using default driver hpdftex*
(/usr/share/texmf-texlive/tex/latex/hyperref/hpdftex.def
File: hpdftex.def 2009/10/09 v6.79a Hyperref driver for pdfTeX
\Fld@listcount=\count103
)
Package hyperref Info: Option `colorlinks' set `false' on input line 32.

(/usr/share/texmf-texlive/tex/latex/glossaries/base/glossaries.sty
Package: glossaries 2009/09/23 v2.03 (NLCT)

(/usr/share/texmf-texlive/tex/latex/xkeyval/xkeyval.sty
Package: xkeyval 2008/08/13 v2.6a package option processing (HA)

(/usr/share/texmf-texlive/tex/generic/xkeyval/xkeyval.tex
\XKV@toks=\toks23
\XKV@tempa@toks=\toks24
\XKV@depth=\count104
File: xkeyval.tex 2008/08/13 v2.6a key=value parser (HA)
))
(/usr/share/texmf-texlive/tex/latex/glossaries/base/mfirstuc.sty
Package: mfirstuc 2008/12/22 v1.03 (NLCT)
)
(/usr/share/texmf-texlive/tex/latex/xfor/xfor.sty
Package: xfor 2009/02/05 v1.05 (NLCT)
)
(/usr/share/texmf-texlive/tex/latex/amsmath/amsgen.sty
File: amsgen.sty 1999/11/30 v2.0
\@emptytoks=\toks25
\ex@=\dimen126
)
(/usr/share/texmf/tex/latex/beamer/base/translator/translator.sty
Package: translator 2010/06/12 ver 1.10

(/usr/share/texmf/tex/latex/beamer/base/translator/translator-language-mappings
.tex))
\gls@level=\count105
\@gls@tmpb=\toks26
\gls@tmplen=\skip45
\istfile=\write3

(/usr/share/texmf-texlive/tex/latex/glossaries/styles/glossary-hypernav.sty
Package: glossary-hypernav 2007/07/04 v1.01 (NLCT)
)
(/usr/share/texmf-texlive/tex/latex/glossaries/styles/glossary-list.sty
Package: glossary-list 2009/05/30 v2.01 (NLCT)
\glslistdottedwidth=\skip46
)
(/usr/share/texmf-texlive/tex/latex/glossaries/styles/glossary-long.sty
Package: glossary-long 2009/05/30 v2.01 (NLCT)

(/usr/share/texmf-texlive/tex/latex/tools/longtable.sty
Package: longtable 2004/02/01 v4.11 Multi-page Table package (DPC)
\LTleft=\skip47
\LTright=\skip48
\LTpre=\skip49
\LTpost=\skip50
\LTchunksize=\count106
\LTcapwidth=\dimen127
\LT@head=\box27
\LT@firsthead=\box28
\LT@foot=\box29
\LT@lastfoot=\box30
\LT@cols=\count107
\LT@rows=\count108
\c@LT@tables=\count109
\c@LT@chunks=\count110
\LT@p@ftn=\toks27
)
\glsdescwidth=\skip51
\glspagelistwidth=\skip52
)
(/usr/share/texmf-texlive/tex/latex/glossaries/styles/glossary-super.sty
Package: glossary-super 2009/05/30 v2.01 (NLCT)

(/usr/share/texmf-texlive/tex/latex/supertabular/supertabular.sty
Package: supertabular 2004/02/20 v4.1e the supertabular environment
\c@tracingst=\count111
\ST@wd=\dimen128
\ST@rightskip=\skip53
\ST@leftskip=\skip54
\ST@parfillskip=\skip55
\ST@pageleft=\dimen129
\ST@headht=\dimen130
\ST@tailht=\dimen131
\ST@pagesofar=\dimen132
\ST@pboxht=\dimen133
\ST@lineht=\dimen134
\ST@stretchht=\dimen135
\ST@prevht=\dimen136
\ST@toadd=\dimen137
\ST@dimen=\dimen138
\ST@pbox=\box31
))
(/usr/share/texmf-texlive/tex/latex/glossaries/styles/glossary-tree.sty
Package: glossary-tree 2009/01/14 v1.01 (NLCT)
\glstreeindent=\skip56
))
\glo@main@file=\write4
\openout4 = `tesisFinal.glo'.

Package glossaries Info: Writing glossary file tesisFinal.glo on input line 46.

\glo@acronym@file=\write5
\openout5 = `tesisFinal.acn'.

Package glossaries Info: Writing glossary file tesisFinal.acn on input line 46.


(./tesisFinal.aux)
\openout1 = `tesisFinal.aux'.

LaTeX Font Info:    Checking defaults for OML/cmm/m/it on input line 136.
LaTeX Font Info:    ... okay on input line 136.
LaTeX Font Info:    Checking defaults for T1/cmr/m/n on input line 136.
LaTeX Font Info:    ... okay on input line 136.
LaTeX Font Info:    Checking defaults for OT1/cmr/m/n on input line 136.
LaTeX Font Info:    ... okay on input line 136.
LaTeX Font Info:    Checking defaults for OMS/cmsy/m/n on input line 136.
LaTeX Font Info:    ... okay on input line 136.
LaTeX Font Info:    Checking defaults for OMX/cmex/m/n on input line 136.
LaTeX Font Info:    ... okay on input line 136.
LaTeX Font Info:    Checking defaults for U/cmr/m/n on input line 136.
LaTeX Font Info:    ... okay on input line 136.
LaTeX Font Info:    Checking defaults for PD1/pdf/m/n on input line 136.
LaTeX Font Info:    ... okay on input line 136.
 (/usr/share/texmf-texlive/tex/context/base/supp-pdf.mkii
[Loading MPS to PDF converter (version 2006.09.02).]
\scratchcounter=\count112
\scratchdimen=\dimen139
\scratchbox=\box32
\nofMPsegments=\count113
\nofMParguments=\count114
\everyMPshowfont=\toks28
\MPscratchCnt=\count115
\MPscratchDim=\dimen140
\MPnumerator=\count116
\everyMPtoPDFconversion=\toks29
)
Package hyperref Info: Link coloring OFF on input line 136.
 (/usr/share/texmf-texlive/tex/latex/hyperref/nameref.sty
Package: nameref 2007/05/29 v2.31 Cross-referencing by name of section

(/usr/share/texmf-texlive/tex/latex/oberdiek/refcount.sty
Package: refcount 2008/08/11 v3.1 Data extraction from references (HO)
)
\c@section@level=\count117
)
LaTeX Info: Redefining \ref on input line 136.
LaTeX Info: Redefining \pageref on input line 136.
 (./tesisFinal.out)
(./tesisFinal.out)
\@outlinefile=\write6
\openout6 = `tesisFinal.out'.

\AtBeginShipoutBox=\box33

(/usr/share/texmf-texlive/tex/latex/glossaries/dict/glossaries-dictionary-Engli
sh.dict
Dictionary: glossaries-dictionary, Language: English 
)
(/usr/share/texmf-texlive/tex/latex/glossaries/dict/glossaries-dictionary-Spani
sh.dict
Dictionary: glossaries-dictionary, Language: Spanish 
) <./img/LogoITESM.jpg, id=471, 896.148pt x 339.1872pt>
File: ./img/LogoITESM.jpg Graphic file (type jpg)

<use ./img/LogoITESM.jpg>
LaTeX Font Info:    External font `cmex10' loaded for size
(Font)              <12> on input line 189.
LaTeX Font Info:    External font `cmex10' loaded for size
(Font)              <8> on input line 189.
LaTeX Font Info:    External font `cmex10' loaded for size
(Font)              <6> on input line 189.
 [1

\openout3 = `tesisFinal.ist'.


{/var/lib/texmf/fonts/map/pdftex/updmap/pdftex.map} <./img/LogoITESM.jpg>] [2] 
[3] [4] (./tesisFinal.toc
Underfull \vbox (badness 2351) has occurred while \output is active []

 [5

]
[6] [7] [8]
Underfull \vbox (badness 10000) has occurred while \output is active []

 [9])
\tf@toc=\write7
\openout7 = `tesisFinal.toc'.


[10]
Cap\'{\i }tulo 1.
[11

]
Underfull \vbox (badness 10000) has occurred while \output is active []

 [12]
[13] [14] [15] [16] [17]
Cap\'{\i }tulo 2.

Underfull \vbox (badness 10000) has occurred while \output is active []

 [18

]
<./img/hearthere.jpg, id=745, 284.56313pt x 355.3275pt>
File: ./img/hearthere.jpg Graphic file (type jpg)

<use ./img/hearthere.jpg>
Underfull \vbox (badness 10000) has occurred while \output is active []

 [19 <./img/hearthere.jpg>]
Underfull \hbox (badness 1845) in paragraph at lines 815--833
[][]\OT1/cmr/m/n/12 En apli-ca-cio-nes de reali-dad au-men-ta-da los HMD han si
-do usa-dos pa-ra so-
 []


Underfull \hbox (badness 1377) in paragraph at lines 815--833
\OT1/cmr/m/n/12 bre-po-ner im^^Sage-nes vir-tua-les en es-ce-nas reales con ayu
-da de dis-po-si-ti-vos ^^Sopti-cos
 []

[20]
Underfull \vbox (badness 10000) has occurred while \output is active []

 [21]
<./img/assemblyGuidance.jpg, id=775, 292.84406pt x 272.51813pt>
File: ./img/assemblyGuidance.jpg Graphic file (type jpg)

<use ./img/assemblyGuidance.jpg>
Underfull \vbox (badness 10000) has occurred while \output is active []

 [22 <./img/assemblyGuidance.jpg>]
<./img/outdoorsAR.jpg, id=784, 312.41719pt x 234.1247pt>
File: ./img/outdoorsAR.jpg Graphic file (type jpg)

<use ./img/outdoorsAR.jpg>
Underfull \vbox (badness 3333) has occurred while \output is active []

 [23 <./img/outdoorsAR.jpg>]
Underfull \vbox (badness 10000) has occurred while \output is active []

 [24]
[25]
Cap\'{\i }tulo 3.
[26

] [27] <./img/sistGra.jpg, id=828, 441.90094pt x 238.64156pt>
File: ./img/sistGra.jpg Graphic file (type jpg)

<use ./img/sistGra.jpg> [28 <./img/sistGra.jpg>]
<./img/coord2D3DB.jpg, id=835, 746.03719pt x 222.8325pt>
File: ./img/coord2D3DB.jpg Graphic file (type jpg)

<use ./img/coord2D3DB.jpg>
Underfull \hbox (badness 1137) in paragraph at lines 1292--1292
[]\OT1/cmr/bx/n/14.4 Software y len-gua-jes de pro-gra-ma-ci^^Son pa-ra gr^^Saf
i-cas
 []

[29 <./img/coord2D3DB.jpg>]
<./img/secuenciaTransformaciones.jpg, id=841, 295.85532pt x 380.17032pt>
File: ./img/secuenciaTransformaciones.jpg Graphic file (type jpg)

<use ./img/secuenciaTransformaciones.jpg> [30] [31 <./img/secuenciaTransformaci
ones.jpg>] [32]
LaTeX Font Info:    Try loading font information for OMS+cmr on input line 1447
.
 (/usr/share/texmf-texlive/tex/latex/base/omscmr.fd
File: omscmr.fd 1999/05/25 v2.5h Standard LaTeX font definitions
)
LaTeX Font Info:    Font shape `OMS/cmr/m/n' in size <12> not available
(Font)              Font shape `OMS/cmsy/m/n' tried instead on input line 1447.


<./img/qcar.jpg, id=861, 422.20895pt x 228.22105pt>
File: ./img/qcar.jpg Graphic file (type jpg)
 <use ./img/qcar.jpg>
[33 <./img/qcar.jpg>]
Cap\'{\i }tulo 4.
[34

] [35] [36] [37]
Underfull \vbox (badness 1082) has occurred while \output is active []

 [38]
<./img/ejb.jpg, id=893, 377.15906pt x 380.92313pt>
File: ./img/ejb.jpg Graphic file (type jpg)
 <use ./img/ejb.jpg> [39 <./img/ejb.jpg>] <./img/corba.jpg, id=900, 415.5525pt 
x 335.00156pt>
File: ./img/corba.jpg Graphic file (type jpg)

<use ./img/corba.jpg> [40 <./img/corba.jpg>] [41]
Underfull \vbox (badness 2538) has occurred while \output is active []

 [42]
[43]
Cap\'{\i }tulo 5.
[44

] [45] <./img/artoolkitDiag.jpg, id=965, 374.90062pt x 371.13657pt>
File: ./img/artoolkitDiag.jpg Graphic file (type jpg)

<use ./img/artoolkitDiag.jpg> [46] [47 <./img/artoolkitDiag.jpg>]
<./img/andAR.jpg, id=982, 564.60938pt x 397.485pt>
File: ./img/andAR.jpg Graphic file (type jpg)
 <use ./img/andAR.jpg>
Underfull \vbox (badness 3536) has occurred while \output is active []

 [48]
[49 <./img/andAR.jpg>]
<./img/android-aplicaciones.jpg, id=1001, 501.875pt x 464.73625pt>
File: ./img/android-aplicaciones.jpg Graphic file (type jpg)

<use ./img/android-aplicaciones.jpg> [50] [51 <./img/android-aplicaciones.jpg>]
[52] [53] [54] [55] [56] [57] [58] [59] [60]
Cap\'{\i }tulo 6.
[61

] [62] <./img/caching4.jpg, id=1070, 304.88907pt x 478.78876pt>
File: ./img/caching4.jpg Graphic file (type jpg)

<use ./img/caching4.jpg> [63] [64 <./img/caching4.jpg>] [65]
<./img/caching1.jpg, id=1086, 905.63344pt x 304.13625pt>
File: ./img/caching1.jpg Graphic file (type jpg)

<use ./img/caching1.jpg>
<./img/caching2.jpg, id=1087, 615.80063pt x 435.12563pt>
File: ./img/caching2.jpg Graphic file (type jpg)

<use ./img/caching2.jpg>
<./img/caching3.jpg, id=1088, 856.70062pt x 417.81094pt>
File: ./img/caching3.jpg Graphic file (type jpg)

<use ./img/caching3.jpg> [66] [67 <./img/caching1.jpg>] [68 <./img/caching2.jpg
> <./img/caching3.jpg>]
Cap\'{\i }tulo 7.
[69

] <./img/CUCliente.jpg, id=1109, 445.665pt x 293.59688pt>
File: ./img/CUCliente.jpg Graphic file (type jpg)

<use ./img/CUCliente.jpg>
<./img/CUServidor.jpg, id=1110, 433.62pt x 301.8778pt>
File: ./img/CUServidor.jpg Graphic file (type jpg)

<use ./img/CUServidor.jpg>
Underfull \vbox (badness 10000) has occurred while \output is active []

 [70 <./img/CUCliente.jpg>] <./img/ADARACliente.jpg, id=1116, 526.21594pt x 398
.23781pt>
File: ./img/ADARACliente.jpg Graphic file (type jpg)

<use ./img/ADARACliente.jpg> [71 <./img/CUServidor.jpg>] [72 <./img/ADARAClient
e.jpg>] <./img/activityActivity.jpg, id=1127, 295.1025pt x 633.11531pt>
File: ./img/activityActivity.jpg Graphic file (type jpg)

<use ./img/activityActivity.jpg> [73] [74 <./img/activityActivity.jpg>]
<./img/clasesActivity.jpg, id=1138, 626.34pt x 423.08063pt>
File: ./img/clasesActivity.jpg Graphic file (type jpg)

<use ./img/clasesActivity.jpg> [75 <./img/clasesActivity.jpg>] [76] [77]
<./img/menuActivity.jpg, id=1164, 453.94594pt x 494.59781pt>
File: ./img/menuActivity.jpg Graphic file (type jpg)

<use ./img/menuActivity.jpg>
<./img/menuClases.jpg, id=1165, 694.09312pt x 358.33875pt>
File: ./img/menuClases.jpg Graphic file (type jpg)

<use ./img/menuClases.jpg>
Underfull \vbox (badness 6157) has occurred while \output is active []

 [78 <./img/menuActivity.jpg>] [79 <./img/menuClases.jpg>]
<./img/clasesLoader.jpg, id=1178, 453.19313pt x 99.37125pt>
File: ./img/clasesLoader.jpg Graphic file (type jpg)

<use ./img/clasesLoader.jpg> [80 <./img/clasesLoader.jpg>]
<./img/activityLoader1.jpg, id=1184, 386.94562pt x 417.81094pt>
File: ./img/activityLoader1.jpg Graphic file (type jpg)

<use ./img/activityLoader1.jpg>
<./img/activityLoader2.jpg, id=1185, 602.25pt x 408.02437pt>
File: ./img/activityLoader2.jpg Graphic file (type jpg)

<use ./img/activityLoader2.jpg> [81 <./img/activityLoader1.jpg>]
<./img/ADARAServidor.jpg, id=1191, 634.62094pt x 462.22687pt>
File: ./img/ADARAServidor.jpg Graphic file (type jpg)

<use ./img/ADARAServidor.jpg> [82 <./img/activityLoader2.jpg>] [83 <./img/ADARA
Servidor.jpg>] [84]
<./img/activAnalysis.jpg, id=1216, 326.72063pt x 288.3272pt>
File: ./img/activAnalysis.jpg Graphic file (type jpg)

<use ./img/activAnalysis.jpg>
Underfull \vbox (badness 1622) has occurred while \output is active []

 [85 <./img/activAnalysis.jpg>] [86] [87] [88]
Overfull \hbox (1.70612pt too wide) in paragraph at lines 3692--3692
[][]\OT1/cmtt/m/n/12 C^^Sodigo 7.2: Formato de JSON para obtener el nombre de l
os campos y tablas.[] 
 []

[89] [90]
Cap\'{\i }tulo 8.
[91

] <./img/cliente1.jpg, id=1248, 469.00218pt x 350.05782pt>
File: ./img/cliente1.jpg Graphic file (type jpg)

<use ./img/cliente1.jpg>
<./img/cliente3.jpg, id=1249, 471.26062pt x 350.81062pt>
File: ./img/cliente3.jpg Graphic file (type jpg)

<use ./img/cliente3.jpg>
<./img/cliente4.jpg, id=1250, 468.24937pt x 349.305pt>
File: ./img/cliente4.jpg Graphic file (type jpg)

<use ./img/cliente4.jpg>
<./img/servidorAdmin1.jpg, id=1251, 481.8pt x 399.74344pt>
File: ./img/servidorAdmin1.jpg Graphic file (type jpg)

<use ./img/servidorAdmin1.jpg>
<./img/servidorAdmin2.jpg, id=1252, 528.47438pt x 621.82312pt>
File: ./img/servidorAdmin2.jpg Graphic file (type jpg)

<use ./img/servidorAdmin2.jpg>
<./img/servidorUser.jpg, id=1253, 528.47438pt x 621.82312pt>
File: ./img/servidorUser.jpg Graphic file (type jpg)

<use ./img/servidorUser.jpg> [92 <./img/cliente1.jpg> <./img/cliente3.jpg> <./i
mg/cliente4.jpg>] [93 <./img/servidorAdmin1.jpg> <./img/servidorAdmin2.jpg> <./
img/servidorUser.jpg>] [94] [95] [96] [97]
Cap\'{\i }tulo 9.
[98

] [99] [100] [101] [102]
Cap\'{\i }tulo 10.
(./tesisFinal.bbl [103

]
Underfull \hbox (badness 1735) in paragraph at lines 9--13
[][]\OT1/cmr/m/n/12 ARToolKit (2011).  Set-ting up ar-tool-kit.  []$\OT1/cmtt/m
/n/12 http : / / www . hitl .
 []


Underfull \hbox (badness 1436) in paragraph at lines 58--61
[][]\OT1/cmr/m/n/12 CodePlex Open-Sour-ce Com-mu-nity (2011).
 []

[104

]
Underfull \hbox (badness 1603) in paragraph at lines 74--77
[][]\OT1/cmr/m/n/12 Dieter Sch-mal-s-tieg (2011).  Stu-diers-tu-be es.  []$\OT1
/cmtt/m/n/12 http : / /
 []

[105]
Underfull \hbox (badness 10000) in paragraph at lines 182--186
[][]\OT1/cmr/m/n/12 Lechner, M. and Tripp, M. (2010).
 []


Underfull \hbox (badness 10000) in paragraph at lines 182--186
\OT1/cmr/m/n/12 ARML An Aug-men-ted Reality Stan-dard.  \OT1/cmr/m/it/12 Mo-bi-
leAR-Sum-mit,
 []

[106]
Underfull \hbox (badness 1215) in paragraph at lines 278--282
[][]\OT1/cmr/m/n/12 Sonoda, T., En-do, T., Ka-wa-ka-mi, N., and Ta-chi, S. (200
5).
 []

[107]
Underfull \hbox (badness 5331) in paragraph at lines 319--324
[][]\OT1/cmr/m/n/12 Tobias Lan-glotz, A. M.  In-tro-duc-tion to stu-diers-tu-be
 es.
 []


Underfull \hbox (badness 10000) in paragraph at lines 319--324
[]$\OT1/cmtt/m/n/12 http : / / www . icg . tu-[]graz . ac . at / Members / club
 _ gruber / StbES / StbES-[]Lecture /
 []

) [108]

Package glossaries Warning: No \printglossary or \printglossaries found.
This document will not have a glossary.

(./tesisFinal.aux) ) 
Here is how much of TeX's memory you used:
 7654 strings out of 493848
 111878 string characters out of 1152822
 197725 words of memory out of 3000000
 10348 multiletter control sequences out of 15000+50000
 9622 words of font info for 34 fonts, out of 3000000 for 9000
 714 hyphenation exceptions out of 8191
 38i,11n,36p,1059b,706s stack positions out of 5000i,500n,10000p,200000b,50000s
pdfTeX warning (dest): name{glo:framework} has been referen
ced but does not exist, replaced by a fixed one

pdfTeX warning (dest): name{glo:RPC} has been referenced but does not exist, re
placed by a fixed one

pdfTeX warning (dest): name{glo:GET} has been referenced but does not exist, re
placed by a fixed one

pdfTeX warning (dest): name{glo:POST} has been referenced but does not exist, r
eplaced by a fixed one

pdfTeX warning (dest): name{glo:JNDI} has been referenced but does not exist, r
eplaced by a fixed one

pdfTeX warning (dest): name{glo:plug\040and\040play} has been referenced but do
es not exist, replaced by a fixed one

pdfTeX warning (dest): name{glo:software} has been referenced but does not exis
t, replaced by a fixed one

pdfTeX warning (dest): name{glo:hardware} has been referenced but does not exis
t, replaced by a fixed one

pdfTeX warning (dest): name{glo:3D} has been referenced but does not exist, rep
laced by a fixed one

pdfTeX warning (dest): name{glo:2D} has been referenced but does not exist, rep
laced by a fixed one

</usr/share/texmf-texlive/fonts/type1/public/amsfonts/cm/cmbx12.pfb></usr/share
/texmf-texlive/fonts/type1/public/amsfonts/cm/cmr12.pfb></usr/share/texmf-texli
ve/fonts/type1/public/amsfonts/cm/cmsy10.pfb></usr/share/texmf-texlive/fonts/ty
pe1/public/amsfonts/cm/cmti12.pfb></usr/share/texmf-texlive/fonts/type1/public/
amsfonts/cm/cmtt12.pfb>
Output written on tesisFinal.pdf (108 pages, 3663997 bytes).
PDF statistics:
 1458 PDF objects out of 1728 (max. 8388607)
 392 named destinations out of 1000 (max. 500000)
 1112 words of extra memory for PDF output out of 10000 (max. 10000000)

